[    0.000000] Initializing cgroup subsys cpuset
[    .000] Initialiincgoupsubsys cpu
[    0.000000] Initializing cgroup subsys cpuacct
[    0.00000] Linux versi 4.4.0-130-generic (buildd@lgw01-amd64-039) (gcc version 5.4.0 20160609 (Ubuntu 5.4.6ubutu~16.4.9) ) #156-Ubuntu SMP Thu Jun 14 08:53:28 UTC 2018 (Ubuntu 4.4.0-130.156-generic 4.4.134)
[    0.000000] Command line: BOOT_IMAGE=/boot/vmlinuz-4.4.0-130-generic root=LABEL=cloudimg-rootfs ro console=tty1 console=ttyS0
[  000000 KNEL ppted cpus:
[  0.000000]   Intel GenuineIntel
[  0.00000] AM AuthtiMD
[  0000000   CenauCetaurul
[    000000 x6/fpuxste_ofet]:  76xsate_sis[]:  256
[    000000] x86/fpu: Supporting XSAVEfeature 0x01: 'x87 floating point registers'
[    0.000000] x86/fpu: Supporting XSAVE fate 0x0: SEegisers'
[    .0000] 6/u: Supoin XSAVfeure 0x04 'AVX registers'
[    0.000000] x86/fpu: Enabled xstate features 0x7, context size is 832 bytes, using 'standard' format.
[    0.000000] x86/fpu: Using 'eager' FPU context switches.
[    0.000000] e820: BIOS-provided physical RAM map:
[    0.000000] BIOS-e820: [mem 0x0000000000000000-0x0000000000bff] usable
[  0.000000 BIOS-e820: [mem 0x000000000009fc00-0x00000000009ffff] reserved
[    0.000000] BIOS-e820: [mem 0x00000000000f0000-0x00000000000fffff] reserved
[    0.000000] BIOS-e820: [mem 0x0000000000100000-0x000000003ffeffff] uble
[    0.000000] BIOS-e820: [mem 0x000000003fff0000-0x000000003fffffff] ACPI data
[    0.000000] BIOS-e820: [mem 0x00000000fec00000-0x00000000fec00fff] reserved
[    0.000000] BIOS-e820: [mem 0x00000000fee00000-0x00000000fee00fff] reserved
[    0.000000] BIOS-e820: [mem 0x00000000fffc0000-0x00000000ffffffff] reserved
[    0.000000] NX (Execute Disable) protection: actie
[   00000] SMBIOS 2.5 present.
[    0.000000] Hypervisor detected: KVM
[    0.000000] e820: last_pfn = 0x3ffma_arch_pfn = 0x400000000
[    0.000000] MTRR: Disabled
[    0.000000] x86/PAT: MTRRs disabled, skipping PAT initialization too.
[    0.000000] CPU MTRRs all blank - virtualized system.
[    0.000000] x86/PAT: Configuration [0-7]: WB  WT  UC- UC  WB  WT  UC- UC  
[    0.000000] found SMP MP-table at [mem 00009fff0-0009ffff] mapped at [ffff88000009fff0]
[    0.000000] Scanning 1 areas for low memory corruption
[    0.000000] RAMDISK:[m 036aa200-0x37548fff]
[    0.000000] ACPI: Early table checksum verification disabled
[    0.000000] ACPI: RSDP 0x00000000000E0000 000024 (v02 VBOX  )
[    0.000000] ACPI: XSDT 0x000000003FFF0030 00003C (v01 VBOX   VBOXXSDT0000001 ASL  00000061)
[    0.000000] ACPI: FACP 0x000000003FFF00F0 0000F4 (v04 VBOX   VBOXFACP 00000001 ASL  00000061)
[    0.000000] ACPI: DSDT 0x000000003FFF0470 0021FF (v02 VBOX   VBOXBIOS 00000002 INTL 20100528)
[    0.000000] ACPI: FACS 0x000000003FFF0200 000040
[    0.000000] ACPI: FACS 0x00000FFF200 000040
[    0.000000] ACPI: APIC 0000000003FF020 00005C (v02 BOX   VBOXAPIC 00000001 ASL  00000061)
[  0000000] ACPI: ST 000000003FFF02A0 001CC (v01 BO  VBOXCPUT 00000002 INTL 20100528)
[    0.000000] No NUMA configuration found
[    0.000000] Faking a node at [mem 0x0000000000000000x000000003fefff]
    .0000] DEATA(0alcated me0xffe000x3ffefff]   0.000000] km-clock: Using msrs 4b564d01 and 4b564d00
[    0.000000] kvm-clock: cpu 0, msr 0:3ffe3001, primary cpu clock
[    0.000000] kvm-clock: using sched offset of 3332015444 cycles
[  0.000000] clocksource: kvm-clock: mask: 0xffffffffffffffff max_cycles: 0x1cd42e4dffb, max_idle_ns: 881590591483 ns
[   0.0000 Zne ranges:
[  000000]   DMA      [mem 0x0000000000001000-0x0000000000ffffff]
[    0.000000]   DMA32    [mem 0x0000000001000000-0x000000003ffeffff]
[    0.000000]   Normal   empty
[    0.0000000]   Device   empty
[    0.000000] Movable zone start for each node
[    0.000000] Early memory node ranges
[    0.000000]   node   0: [mem 0x0000000000001000-0x000000000009efff]
[    0.000000]   node   0: [mem 0x0000000000100000-0x000000003ffeffff]
[    0.000000] Initmem setup node 0 [mem 0x0000000000001000-0x000000003ffeffff]
[    0.000000] ACPI: PM-Timer IO Port: 0x4008
[    0.000000] IOAPIC[0]: apic_id 2, version 32, address 0xfec00000, GSI 0-23
[    0.000000] ACPI: INT_SRC_OVR (bus 0 bus_irq 0 global_irq 2 dfl dfl)
[    0.000000] ACPI: INT_SRC_OVR (bus 0 bus_irq 9 global_irq 9 low level)
[    0.000000] Using ACPI (MADT) for SMP configuration information
[    0.000000] smpboot: Allowing 2 CPUs, 0 hotplugCP
    .0000] P: egistred nosave mmo: [memx000000-0x00000fff]
[    0.000000] PM: Registere nave memory: me 0009f00-009fff]
[    0.000000] PM: Registered nosave memory: [mem 0x000a0000-0x000effff]
[    0.000000] PM: Registered nosave memory: [mem 0x000f0000-0x000fffff]
[    0.000000] e820: [mem 0x40000000-0xfebfffff] available for PCI devices
[    0.000000] Booting paravirtualized kernel on KVM
[    0.000000] clocksource: refined-jiffies: mask: 0xffffffff max_cycles: 0xffffffff, max_idle_ns: 7645519600211568 ns
[    0.000000] setup_percpu: NR_CPUS:512 nr_cpumask_bits:512 nr_cpu_ids:2 nr_node_ids:1
[    0.000000] PERCPU: Embedded 34 pages/cpu @ffff88003fc00000 s99544 r8192 d31528 u1048576
[    0.000000] PV qspinlock hash table entries: 256 (order: 0, 4096 bytes)
[    0.000000] Built 1 zonelists in Node order, mobility grouping on.  Total pages: 257912
[    0.000000] Policy zone: DMA32
[    0.000000] Kernel command line: BOOT_IMAGE=/boot/vmlinuz-4.4.0-130-generic root=LABEL=cloudimg-rootfs ro console=tty1 console=ttyS0
[    0.000000] PID hash table entries: 4096 (order: 3, 32768 bytes)
[    0.000000] Memory:101608K/1048120K availabe (8546K kernel code, 1313K rwdata, 4000K rodata, 1516K init, 131 bss, 46512K reservd, 0K cma-reserved)
[    0.000000] SLUB: HWalign=64, Order=0-3, MinObjects=0, CPUs=2, Nodes=1
[    0.000000] Kernel/User page tables isolation: enabled
[    0.000000] Hierarchical RCU implementation.
[    0.000000] 	Build-time adjustment of leaf fanout to 64.
[    0.000000] 	RCU restricting CPUs from NR_CPUS=512 to nr_cpu_ids=2.
[    0.000000] RCU: Adjusting geometry for rcu_fanou_laf64, r_u_ds=2
  0.00000] NR_QS3024nrrq:44016[    0.000000] nse: clour VA+0x25
[    0.000000] console [tty1] enabled
[    0.000000] console [ttyS0] enabled
[    0.000000] tsc: Detected 3392.310 MHz processor
[    3.701528] Calibrating delay loop (skipped) preset value.. 6784.62 BogoMIPS (lpj=13569240)
[  3.703121] pid_max: default: 32768 minimum: 301
[    3.728405] ACPI: Core revision 20150930
[    3.729952] ACPI: 2 ACPI AML tables successfully acquired and loaed
[    3.768118] Security Framework initialized
[    3.790990] Yama: becoming mindful.
[    3.852096] AppArmor: AppArmor initialized
[    3.869994] Dentry cache hash table entries: 131072 (order: 8, 1048576 bytes)
[    3.887187] Inode-cache hash table entries: 65536 (order: 7, 524288 bytes)
[    3.973584] Mount-cache hash table entries: 2048 (order: 2, 16384 bytes)
[    3.974810] Mountpoint-cache hash table entries: 2048 (order: 2, 16384 bytes)
[    4.081745] Initializing cgroup subsys io
[    4.146010] Initializing cgroup subsys memory
[    4.188295] Initializing cgroup subsys devices
[    4.221312] Initializing cgroup subsys freezer
[    4.222378] Initializing cgroup subsys net_cls
[    4.223285] Initializing cgroup subsys perf_event
[    4.224188] Initializing cgroup subsys net_prio
[    4.225093] Initializing cgroup subsys hugetlb
[    4.225941] Initializing cgroup subsys pids
[    4.226822] CPU: Physical Processor ID: 0
[    4.227617] CPU: Processor Core ID: 0
[    4.228611] mce: CPU supports 0 MCE banks
[    4.229367] Last level iTLB entries: 4KB 512, 2MB 8, 4MB 8
[    4.230548] Last level dTLB entries: 4KB 512, 2MB 32, 4MB 32, 1GB 0
[    4.243046] Spectre V2 : Mitigation: Full generic retpoline
[    4.244562] Spectre V2 : Speculation control IBPB not-supported IBRS not-supported
[    4.246135] Speculative Store Bypass: Vulnerable
[    4.250117] Freeing SMP alternatives memory: 32K
[    4.264310] ftrace: allocating 32245 entries in 126 pages
[    4.319834] smpboot: APIC(0) Converting physical 0 to logical package 0
[    4.322436] smpboot: Max logical packages: 1
[    4.323463] x2apic enabled
[    4.324304] Switched APIC routing to physical x2apic.
[    4.326163] ..TIMER: vector=0x30 apic1=0 pin1=2 apic2=-1 pin2=-1
[    4.432736] smpboot: CPU0: Intel(R) Core(TM) i7-3770 CPU @ 3.40GHz (family: 0x6, model: 0x3a, stepping: 0x9)
[    4.573538] Performance Events: unsupported p6 CPU model 58 no PMU driver, software events only.
[    4.599318] KVM setup paravirtual spinlock
[    4.673759] x86: Booting SMP configuration:
[    4.706390] .... node  #0, CPUs:      #1
[    4.738774] kvm-clock: cpu 1, msr 0:3ffe3041, secondary cpu clock
[    4.768925] mce: CPU supports 0 MCE banks
[    4.794845] x86: Booted up 1 node, 2 CPUs
[    4.795762] smpboot: Total of 2 processors activated (13569.24 BogoMIPS)
[    4.797314] devtmpfs: initialized
[    4.805543] evm: security.selinux
[    4.806218] evm: security.SMACK64
[    4.806960] evm: security.SMACK64EXEC
[    4.824555] evm: security.SMACK64TRANSMUTE
[    4.825316] evm: security.SMACK64MMAP
[    4.825995] evm: security.ima
[    4.826617] evm: security.capability
[    4.827481] clocksource: jiffies: mask: 0xffffffff max_cycles: 0xffffffff, max_idle_ns: 7645041785100000 ns
[    4.856898] futex hash table entries: 512 (order: 3, 32768 bytes)
[    4.858072] pinctrl core: initialized pinctrl subsystem
[    4.881347] RTC time: 19:24:45, date: 07/28/18
[    4.905972] NET: Registered protocol family 16
[    4.927662] cpuidle: using governor ladder
[    4.970654] cpuidle: using governor menu
[    4.971482] PCCT header not found.
[    4.972209] ACPI: bus type PCI registered
[    4.972974] acpiphp: ACPI Hot Plug PCI Controller Driver version: 0.5
[    4.974096] PCI: Using configuration type 1 for base access
[    4.990761] ACPI: Added _OSI(Module Device)
[    5.012200] ACPI: Added _OSI(Processor Device)
[    5.073491] ACPI: Added _OSI(3.0 _SCP Extensions)
[    5.123296] ACPI: Added _OSI(Processor Aggregator Device)
[    5.128091] ACPI: Executed 1 blocks of module-level executable AML code
[    5.164562] ACPI: Interpreter enabled
[    5.185995] ACPI: (supports S0 S5)
[    5.221886] ACPI: Using IOAPIC for interrupt routing
[    5.222961] PCI: Using host bridge windows from ACPI; if necessary, use "pci=nocrs" and report a bug
[    5.227664] ACPI: PCI Root Bridge [PCI0] (domain 0000 [bus 00-ff])
[    5.228688] acpi PNP0A03:00: _OSC: OS supports [ASPM ClockPM Segments MSI]
[    5.229819] acpi PNP0A03:00: _OSC: not requesting OS control; OS requires [ExtendedConfig ASPM ClockPM MSI]
[    5.231489] acpi PNP0A03:00: fail to add MMCONFIG information, can't access extended PCI configuration space under this bridge.
[    5.235463] PCI host bridge to bus 0000:00
[    5.236257] pci_bus 0000:00: root bus resource [io  0x0000-0x0cf7 window]
[    5.245960] pci_bus 0000:00: root bus resource [io  0x0d00-0xffff window]
[    5.247102] pci_bus 0000:00: root bus resource [mem 0x000a0000-0x000bffff window]
[    5.248506] pci_bus 0000:00: root bus resource [mem 0x40000000-0xfdffffff window]
[    5.249878] pci_bus 0000:00: root bus resource [bus 00-ff]
[    5.252456] pci 0000:00:01.1: legacy IDE quirk: reg 0x10: [io  0x01f0-0x01f7]
[    5.255614] pci 0000:00:01.1: legacy IDE quirk: reg 0x14: [io  0x03f6]
[    5.289622] pci 0000:00:01.1: legacy IDE quirk: reg 0x18: [io  0x0170-0x0177]
[    5.299573] pci 0000:00:01.1: legacy IDE quirk: reg 0x1c: [io  0x0376]
[    5.314947] pci 0000:00:07.0: quirk: [io  0x4000-0x403f] claimed by PIIX4 ACPI
[    5.346310] pci 0000:00:07.0: quirk: [io  0x4100-0x410f] claimed by PIIX4 SMB
[    5.356521] ACPI: PCI Interrupt Link [LNKA] (IRQs 5 9 10 *11)
[    5.385176] ACPI: PCI Interrupt Link [LNKB] (IRQs 5 9 *10 11)
[    5.393318] ACPI: PCI Interrupt Link [LNKC] (IRQs 5 *9 10 11)
[    5.394928] ACPI: PCI Interrupt Link [LNKD] (IRQs 5 9 10 *11)
[    5.396531] ACPI: Enabled 2 GPEs in block 00 to 07
[    5.434191] vgaarb: setting as boot device: PCI:0000:00:02.0
[    5.442136] vgaarb: device added: PCI:0000:00:02.0,decodes=io+mem,owns=io+mem,locks=none
[    5.443643] vgaarb: loaded
[    5.444223] vgaarb: bridge control possible 0000:00:02.0
[    5.445340] SCSI subsystem initialized
[    5.446134] ACPI: bus type USB registered
[    5.448702] usbcore: registered new interface driver usbfs
[    5.449666] usbcore: registered new interface driver hub
[    5.450564] usbcore: registered new device driver usb
[    5.454913] PCI: Using ACPI for IRQ routing
[    5.456034] NetLabel: Initializing
[    5.480578] NetLabel:  domain hash size = 128
[    5.482974] NetLabel:  protocols = UNLABELED CIPSOv4
[    5.513864] NetLabel:  unlabeled traffic allowed by default
[    5.536297] amd_nb: Cannot enumerate AMD northbridges
[    5.538720] clocksource: Switched to clocksource kvm-clock
[    5.549097] AppArmor: AppArmor Filesystem Enabled
[    5.550088] pnp: PnP ACPI init
[    5.551417] pnp: PnP ACPI: found 3 devices
[  56127] ocoue:cppmma: ffffaxycs:xfff max_idle_ns: 2085701024 ns
[    6.348478] NET: Registered protocol family 2

[    6.349579] TCP established hash table entries: 8192 (order: 4, 65536 bytes)
[    6.350939] TCP bind hash table entries: 92orde: 5, 312 byes
[   66135] CPHa tlecoiged(eablsh 82 nd8192
  7.3488] UDhah table ntes512 (order: 2, 16384 bytes)
[    7.581452] UDP-Lite hash table entries: 512 (order: 2, 16384 bytes)
[    7.582533] NET: Registered protocol family 1
[    7.583345] pci 0000:00:00.0: Limiting direct PCI/PCI transfers
[    7.584341] pci 0000:00:01.0: Activating ISA DMA hang workarounds
[    7.585473] Unpacking initramfs...

[    9.095198] Freeing initrd memory: 10908K
[    9.097262] PLMUetted, API nitis^- Jle 3ix cnters103782 mov ter[  9.975779] hw unit of domain pp0-core 2^-0 Joules
[   10.057903] hw unit of domain package 2^-0 Joules
[   10.088800] hw unit of domain pp1-gpu 2^-0 Joules
[   10.116293] platform rtc_cmos: registered platform RTC device (no PNP device found)
[   10.96] anngorow emory corruption every 60 seconds

[   10.426338] audit: initializing netlink subsys (disabled)
[   10.433867] audit: type=2000 audit(1532805890.581:1): initialized
[   10.441813] Initialise system trusted keyring
[   10.449929] HugeTLB registered 2 MB page size, pre-allocated 0 pages
[   10.491217] zbud: loaded
[   10.498258] VFS: Disk quotas dquot_6.6.0
[   10.505995] VFS: Dquot-cache hash table entries: 512 (order 0, 4096 bytes)
[   10.507353] squashfs: version 4.0 (2009/01/31) Phillip Lougher
[   10.508619] fuse init (API version 7.23)
[   10.515848] Key type big_key registered
[   10.516633] Allocating IMA MOK and blacklist keyrings.
[   10.518735] Key type asymmetric registered
[   10.519512] Asymmetric key parser 'x509' registered
[   10.554477] Block layer SCSI generic (bsg) driver version 0.4 loaded (major 249)
[   10.576857] io scheduler noop registered
[   10.596582] io scheduler deadline registered (default)
[   10.597538] io scheduler cfq registered
[   10.598408] pci_hotplug: PCI Hot Plug PCI Core version: 0.5
[   10.599551] pciehp: PCI Express Hot Plug Controller Driver version: 0.4
[   10.600945] ACPI: AC Adapter [AC] (on-line)
[   10.602060] input: Power Button as /devices/LNXSYSTM:00/LNXPWRBN:00/input/input0
[   10.612020] ACPI: Power Button [PWRF]
[   10.612876] input: Sleep Button as /devices/LNXSYSTM:00/LNXSLPBN:00/input/input1
[   10.614244] ACPI: Sleep Button [SLPF]
[   10.630973] GHES: HEST is not enabled!
[   10.635031] Serial: 8250/16550 driver, 32 ports, IRQ sharing enabled
[   10.669459] 00:02: ttyS0 at I/O 0x3f8 (irq = 4, base_baud = 115200) is a 16550A
[   10.734470]Lix pgart teace v0.3
[   11.004516] loop: module loaded
[   11.005743] scsi host0: ata_piix
[   11.006545] scsi host1: ata_piix
[   11.007239] ata1: PATA max UDMA/33 cmd 0x1f0 ctl 0x3f6 bmdma 0xd000 irq 14
[   11.009469] ata2: PATA max UDMA/33 cmd 0x170 ctl 0x376 bmdma 0xd008 irq 15
[   11.010902] libphy: Fixed MDIO Bus: probed
[   11.020333] tun: Universal TUN/TAP device driver, 1.6
[   11.037645] tun: (C) 1999-2004 Max Krasnyansky <maxk@qualcomm.com>
[   11.126794] tsc: Refined TSC clocksource calibration: 3392.722 MHz
[   11.126823] PPP generic driver version 2.4.2
[   11.126873] ehci_hcd: USB 2.0 'Enhanced' Host Controller (EHCI) Driver
[   11.126878] ehci-pci: EHCI PCI platform driver
[   11.126885] ehci-platform: EHCI generic platform driver
[   11.126891] ohci_hcd: USB 1.1 'Open' Host Controller (OHCI) Driver
[   11.126892] ohci-pci: OHCI PCI platform driver
[   11.126898] ohci-platform: OHCI generic platform driver
[   11.126903] uhci_hcd: USB Universal Host Controller Interface driver
[   11.126947] i8042: PNP: PS/2 Controller [PNP0303:PS2K,PNP0f03:PS2M] at 0x60,0x64 irq 1,12
[   11.139929] serio: i8042 KBD port at 0x60,0x64 irq 1
[   11.139933] serio: i8042 AUX port at 0x60,0x64 irq 12
[   11.140033] mousedev: PS/2 mouse device common for all mice
[   11.140292] rtc_cmos rtc_cmos: rtc core: registered rtc_cmos as rtc0
[   11.140339] rtc_cmos rtc_cmos: alarms up to one day, 114 bytes nvram
[   11.140344] i2c /dev entries driver
[   11.140385] device-mapper: uevent: version 1.0.3
[   11.140428] device-mapper: ioctl: 4.34.0-ioctl (2015-10-28) initialised: dm-devel@redhat.com
[   11.140442] ledtrig-cpu: registered to indicate activity on CPUs
[   11.147673] NET: Registered protocol family 10
[   11.147790] NET: Registered protocol family 17
[   11.147799] Key type dns_resolver registered
[   11.147975] registered taskstats version 1
[   11.147990] Loading compiled-in X.509 certificates
[   11.148586] Loaded X.509 cert 'Build time autogenerated kernel key: b3e0fe4bcd6378c38a2c0a4648abbc1fa5043a22'
[   11.148600] zswap: loaded using pool lzo/zbud
[   11.149794] Key type trusted registered
[   11.151712] Key type encrypted registered
[   11.151716] AppArmor: AppArmor sha1 policy hashing enabled
[   11.151718] ima: No TPM chip found, activating TPM-bypass!
[   11.151722] ima: Allocated hash algorithm: sha1
[   11.151734] evm: HMAC attrs: 0x1
[   11.152035]   Magic number: 10:501:446
[   11.196959] rtc_cmos rtc_cmos: setting system clock to 2018-07-28 19:24:51 UTC (1532805891)
[   11.197144] BIOS EDD facility v0.16 2004-Jun-25, 0 devices found
[   11.197144] EDD information not available.
[   11.310414] input: AT Translated Set 2 keyboard as /devices/platform/i8042/serio0/input/input2
[   11.540404] clocksource: tsc: mask: 0xffffffffffffffff max_cycles: 0x30e773554a9, max_idle_ns: 440795330253 ns
[   11.543254] Freeing unused kernel memory: 1516K
[   11.554763] Write protecting the kernel read-only data: 14336k
[   11.556123] Freeing unused kernel memory: 1680K
[   11.557105] Freeing unused kernel memory: 96K
Loading, please wait...
starting version[   11.567662] random: systemd-udevd: uninitialized urandom read (16 bytes read, 2 bits of entropy available)
 229
[   11.568044] random: udevadm: uninitialized urandom read (16 bytes read, 2 bits of entropy available)
[   11.568060] random: udevadm: uninitialized urandom read (16 bytes read, 2 bits of entropy available)
[   11.575084] random: udevadm: uninitialized urandom read (16 bytes read, 2 bits of entropy available)
[   11.575117] random: udevadm: uninitialized urandom read (16 bytes read, 2 bits of entropy available)
[   11.575252] random: udevadm: uninitialized urandom read (16 bytes read, 2 bits of entropy available)
[   11.575293] random: udevadm: uninitialized urandom read (16 bytes read, 2 bits of entropy available)
[   11.575337] random: udevadm: uninitialized urandom read (16 bytes read, 2 bits of entropy available)
[   11.575379] random: udevadm: uninitialized urandom read (16 bytes read, 2 bits of entropy available)
[   11.575419] random: udevadm: uninitialized urandom read (16 bytes read, 2 bits of entropy available)
[   11.705067] e1000: Intel(R) PRO/1000 Network Driver - version 7.3.21-k8-NAPI
[   11.728921] e1000: Copyright (c) 1999-2006 Intel Corporation.
[   11.784551] Fusion MPT base driver 3.04.20
[   11.804983] Copyright (c) 1999-2008 LSI Corporation
[   11.808544] AVX version of gcm_enc/dec engaged.
[   11.811205] AES CTR mode by8 optimization enabled
[   11.814738] Fusion MPT SPI Host driver 3.04.20
[   12.003911] input: ImExPS/2 Generic Explorer Mouse as /devices/platform/i8042/serio1/input/input4
[   12.158472] e1000 0000:00:03.0 eth0: (PCI:33MHz:32-bit) 02:21:52:1a:0a:14
[   12.256073] e1000 0000:00:03.0 eth0: Intel(R) PRO/1000 Network Connection
[   12.707084] e1000 0000:00:08.0 eth1: (PCI:33MHz:32-bit) 08:00:27:d0:db:ee
[   12.716116] e1000 0000:00:08.0 eth1: Intel(R) PRO/1000 Network Connection
[   13.082756] e1000 0000:00:09.0 eth2: (PCI:33MHz:32-bit) 08:00:27:88:64:13
[   13.203268] e1000 0000:00:09.0 eth2: Intel(R) PRO/1000 Network Connection
[   13.217934] e1000 0000:00:03.0 enp0s3: renamed from eth0
[   13.239386] mptbase: ioc0: Initiating bringup
[   13.295763] e1000 0000:00:08.0 enp0s8: renamed from eth1
[   13.375907] e1000 0000:00:09.0 enp0s9: renamed from eth2
[   13.411747] ioc0: LSI53C1030 A0: Capabilities={Initiator}
[   13.743414] scsi host2: ioc0: LSI53C1030 A0, FwRev=00000000h, Ports=1, MaxQ=256, IRQ=20
[   14.185452] scsi 2:0:0:0: Direct-Access     VBOX     HARDDISK         1.0  PQ: 0 ANSI: 5
[   14.840708] scsi target2:0:0: Beginning Domain Validation
[   14.873787] scsi target2:0:0: Domain Validation skipping write tests
[   14.875279] scsi target2:0:0: Ending Domain Validation
[   14.876262] scsi target2:0:0: asynchronous
[   14.877479] scsi 2:0:1:0: Direct-Access     VBOX     HARDDISK         1.0  PQ: 0 ANSI: 5
[   15.083629] scsi target2:0:1: Beginning Domain Validation
[   15.660180] scsi target2:0:1: Domain Validation skipping write tests
[   15.661254] scsi target2:0:1: Ending Domain Validation
[   15.662183] scsi target2:0:1: asynchronous
[   15.667644] sd 2:0:0:0: [sda] 20971520 512-byte logical blocks: (10.7 GB/10.0 GiB)
[   15.667750] sd 2:0:0:0: Attached scsi generic sg0 type 0
[   15.668152] sd 2:0:1:0: Attached scsi generic sg1 type 0
[   15.668282] sd 2:0:1:0: [sdb] 20480 512-byte logical blocks: (10.5 MB/10.0 MiB)
[   15.668377] sd 2:0:1:0: [sdb] Write Protect is off
[   15.668439] sd 2:0:1:0: [sdb] Incomplete mode parameter data
[   15.668440] sd 2:0:1:0: [sdb] Assuming drive cache: write through
[   15.682776] sd 2:0:0:0: [sda] Write Protect is off
[   15.683903] sd 2:0:0:0: [sda] Incomplete mode parameter data
[   15.688736] sd 2:0:1:0: [sdb] Attached SCSI disk
[   15.696416] sd 2:0:0:0: [sda] Assuming drive cache: write through
[   15.712908]  sda: sda1
[   15.714211] sd 2:0:0:0: [sda] Attached SCSI disk
Begin: Loading e[   17.075543] md: linear personality registered for level -1
ssential drivers[   17.120808] md: multipath personality registered for level -4
 ... [   17.225464] md: raid0 personality registered for level 0
[   17.261643] md: raid1 personality registered for level 1
[   17.366863] raid6: sse2x1   gen()  9727 MB/s
[   17.471330] raid6: sse2x1   xor()  8144 MB/s
[   17.591414] raid6: sse2x2   gen() 12523 MB/s
[   17.731061] raid6: sse2x2   xor()  8582 MB/s
[   17.811095] raid6: sse2x4   gen() 12079 MB/s
[   17.915578] raid6: sse2x4   xor()  9585 MB/s
[   17.930960] raid6: using algorithm sse2x2 gen() 12523 MB/s
[   17.931915] raid6: .... xor() 8582 MB/s, rmw enabled
[   17.932783] raid6: using ssse3x2 recovery algorithm
[   17.941846] xor: automatically using best checksumming function:
[   17.982891]    avx       : 23511.000 MB/sec
[   17.990717] async_tx: api initialized (async)
[   18.053640] md: raid6 personality registered for level 6
[   18.098777] md: raid5 personality registered for level 5
[   18.099766] md: raid4 personality registered for level 4
[   18.121758] md: raid10 personality registered for level 10
done.
Begin: Running /scripts/init-premount ... done.
Begin: Mounting root file system ... Begin: Running /scripts/local-top ... done.
Begin: Running /scripts/local-premount ... [   18.148487] Btrfs loaded
Scanning for Btrfs filesystems
done.
Warning: fsck not present, so skipping root file system
[   18.218877] EXT4-fs (sda1): mounted filesystem with ordered data mode. Opts: (null)
done.
Begin: Running /scripts/local-bottom ... done.
Begin: Running /scripts/init-bottom ... done.
[   18.775540] systemd[1]: systemd 229 running in system mode. (+PAM +AUDIT +SELINUX +IMA +APPARMOR +SMACK +SYSVINIT +UTMP +LIBCRYPTSETUP +GCRYPT +GNUTLS +ACL +XZ -LZ4 +SECCOMP +BLKID +ELFUTILS +KMOD -IDN)
[   18.817619] systemd[1]: Detected virtualization oracle.
[   18.884588] systemd[1]: Detected architecture x86-64.

Welcome to [1mUbuntu 16.04.5 LTS[0m!

[   19.087174] systemd[1]: Set hostname to <ubuntu>.
[   19.138727] systemd[1]: Initializing machine ID from random generator.
[   19.152974] systemd[1]: Installed transient /etc/machine-id file.
[   19.383898] random: nonblocking pool is initialized
[   19.999804] systemd[1]: Reached target System Time Synchronized.
[[0;32m  OK  [0m] Reached target System Time Synchronized.
[   20.001976] systemd[1]: Listening on Journal Audit Socket.
[[0;32m  OK  [0m] Listening on Journal Audit Socket.
[   20.059664] systemd[1]: Created slice System Slice.
[[0;32m  OK  [0m] Created slice System Slice.
[   20.119086] systemd[1]: Listening on udev Kernel Socket.
[[0;32m  OK  [0m] Listening on udev Kernel Socket.
[   20.183806] systemd[1]: Set up automount Arbitrary Executable File Formats File System Automount Point.
[[0;32m  OK  [0m] Set up automount Arbitrary Executab...ats File System Automount Point.
[   20.197864] systemd[1]: Listening on Journal Socket.
[[0;32m  OK  [0m] Listening on Journal Socket.
[   20.242872] systemd[1]: Mounting Debug File System...
         Mounting Debug File System...
[   20.254450] systemd[1]: Starting Nameserver information manager...
         Starting Nameserver information manager...
[   20.311207] systemd[1]: Reached target Swap.
[[0;32m  OK  [0m] Reached target Swap.
[   20.359942] systemd[1]: Reached target User and Group Name Lookups.
[[0;32m  OK  [0m] Reached target User and Group Name Lookups.
[   20.439124] systemd[1]: Mounting Huge Pages File System...
         Mounting Huge Pages File System...
[   20.461097] systemd[1]: Starting Create list of required static device nodes for the current kernel...
         Starting Create list of required st... nodes for the current kernel...
[   20.507200] systemd[1]: Starting Uncomplicated firewall...
         Starting Uncomplicated firewall...
[   20.543667] systemd[1]: Listening on LVM2 tadata daemon socket.

[[0;32m  OK  [0m] Listening on LVM2 metadata daemon socket.
[  26665sytemd[1]: Started Trigger resolvconf update for networkd DNS.
[[0;32m  OK  [0m] Started Trigger resolvconf update for networkd DNS.
[   21.256264] systemd[1]: Started Forward Password Requests to Wall Directory Watch.
[[0;32m  OK  [0m] Started Forward Password Requests to Wall Directory Watch.
[   21.30330] ysem[1]: Reached target Encrypted Volumes.
[[0;32m  OK  [0m] Reached target Encrypted Volumes.
[   21.507007] systemd[1]: Starting Set console keymap...
         Starting Set console keymap...
[   21.528783] systemd[1]: Starting Remount Root and Kernel File Systems...
         Starting Remount Root and Kernel File Systems...
[   21.542998] systemd[1]: Created slice system-serial\x2dgetty.slice.
[[0;32m  OK  [0[   21.561264] EXT4-fs (sda1): re-mounted. Opts: (null)
m] Created slice system-serial\x2dgetty.slice.
[   21.6620 ste[1 Listening onJournal Soke(/v/g)

[[0;32m  OK  [0m] Listening on Journal Socket (/dev/log).
[   22.122534] systemd[1]: Listening on /dev/initctl Compatibility Named Pipe.
[[0;32m  OK  [0m] Listening on /dev/initctl Compatibility Named Pipe.
[   22.125162] systemd[1]: Listening on LVM2 poll daemon socket.
[[0;32m  OK  [0m] Listening on LVM2 poll daemon socket.
[   22.539739] sstmd]: Listening on Syslog Socket.
[[0;32m  OK  [0m] Listening on Syslog Socket.
[   22.739606] systemd[1]: Starting Journal Service...
         Starting Journal Service...
[   22.809689] systemd[1]: Mounting POSIX Message Queue File System...
         Mounting POSIX Message Queue File System...
[   22.819241] systemd[1]: Listening on Device-mapper event daemon FIFOs.
[[0;32m  OK  [0m] Listening on Device-mapper event daemon FIFOs.
[   22.822503] systemd[1]: Starting Monitoring of LVM2 mirrors, snapshots etc. using dmeventd or progress polling...
         Starting Monitoring of LVM2 mirrors... dmeventd or progress polling...
[   22.884003] systemd[1]: Created slice User and Session Slice.
[[0;32m  OK  [0m] Created slice User and Session Slice.
[   22.897078] systemd[1]: Reached target Slices.
[[0;32m  OK  [0m] Reached target Slices.
[   22.899183] systemd[1]: Listni on uv ntl cket

[[0;32m  OK  [0m] Listening on udev Control Socket.
[   23.287645] systemd[1]: Starting Load Kernel Modules...
         Starting Load Kernel Modules...
[   23.351738] systemd[1]: Mounted Debug File System.
[[0;32m  OK  [0[   23.373448] Loading iSCSI transport class v2.0-870.
m] Mounted Debug File System.
[   23.455188] systemd[1]: Mounted Huge Pages File System.
[   23.487299] iscsi: registered transport (tcp)
[[0;32m  OK  [0m] Mounted Huge Pages File System.
[   23.497079] systemd[1]: Mounted POSIX Message Queue File System.
[[0;32m  OK  [0m] Mounted POSIX Message Queue File System.
[   23.499972] systemd[1]: Started Journal Service.
[[0;32m  OK  [0m] Started Journal Service.
[[0;32m  OK  [0[   23.528497] iscsi: registered transport (iser)
m] Started Create list of required sta...ce nodes for the current kernel.
[[0;32m  OK  [0m] Started Uncomplicated firewall.
[[0;32m  OK  [0m] Started Set console keymap.
[[0;32m  OK  [0m] Started Remount Root and Kernel File Systems.
[[0;32m  OK  [0m] Started Load Kernel Modules.
[[0;32m  OK  [0m] Started Nameserver information manager.
[[0;32m  OK  [0m] Started LVM2 metadata daemon.
         Mounting FUSE Control File System...
         Starting Apply Kernel Variables...
         Starting Load/Save Random Seed...
         Starting udev Coldplug all Devices...
         Starting Create Static Device Nodes in /dev...
         Starting Flush Journal to Persistent Storage...
[[0;32m  OK  [0m] Mounted FUSE Control File System.
[[0;32m  OK  [0m] Started Apply Kernel Variables.
[[0;32m  OK  [0m] Started Load/Save Random Seed.
[[0;32m  OK  [0m] Started Monitoring of LVM2 mirrors,...ng dmeventd or progress polling.
[[0;32m  OK  [0m] Started Create Static Device Nodes in /dev.
[[0;32m  OK  [0m] Started udev Coldplug all Devices.
         Starting udev Kernel Device Manager...
[[0;32m  OK  [0m] Started Flush Journal to Persistent Storage.
[[0;32m  OK  [0m] Started udev Kernel Device Manager.
[[0;32m  OK  [0m] Started Dispatch Password Requests to Console Directory Watch.
[[0;32m  OK  [0m] Reached target Local File Systems (Pre).
[[0;32m  OK  [0m] Reached target Local File Systems.
         Starting Create Volatile Files and Directories...
         Starting Tell Plymouth To Write Out Runtime Data...
         Starting Initial cloud-init job (pre-networking)...
         Starting Commit a transient machine-id on disk...
         Starting LSB: AppArmor initialization...
         Starting Set console font and keymap...
[[0;32m  OK  [0m] Started Commit a transient machine-id on disk.
[[0;32m  OK  [0m] Started Create Volatile Files and Directories.
[[0;32m  OK  [0m] Started Tell Plymouth To Write Out Runtime Data.
[[0;32m  OK  [0m] Found device /dev/ttyS0.
[[0;32m  OK  [0m] Listening on Load/Save RF Kill Switch Status /dev/rfkill Watch.
         Starting Update UTMP about System Boot/Shutdown...
[[0;32m  OK  [0m] Started Update UTMP about System Boot/Shutdown.
[[0;32m  OK  [0m] Started LSB: AppArmor initialization.
[[0;32m  OK  [0m] Started Set console font and keymap.
[[0;32m  OK  [0m] Created slice system-getty.slice.
[   24.281141] cloud-init[478]: Cloud-init v. 18.2 running 'init-local' at Sat, 28 Jul 2018 19:25:09 +0000. Up 23.80 seconds.
[[0;32m  OK  [0m] Started Initial cloud-init job (pre-networking).
[[0;32m  OK  [0m] Reached target Network (Pre).
         Starting Raise network interfaces...
[[0;32m  OK  [0m] Started Raise network interfaces.
         Starting Initial cloud-init job (metadata service crawler)...
[[0;32m  OK  [0m] Reached target Network.
[   27.574580] cloud-init[959]: Cloud-init v. 18.2 running 'init' at Sat, 28 Jul 2018 19:25:10 +0000. Up 25.12 seconds.
[   27.576930] cloud-init[959]: ci-info: +++++++++++++++++++++++++++++++++++++Net device info++++++++++++++++++++++++++++++++++++++
[   27.579749] cloud-init[959]: ci-info: +--------+-------+---------------------------+---------------+-------+-------------------+
[   27.582565] cloud-init[959]: ci-info: | Device |   Up  |          Address          |      Mask     | Scope |     Hw-Address    |
[   27.617293] cloud-init[959]: ci-info: +--------+-------+---------------------------+---------------+-------+-------------------+
[   27.633268] cloud-init[959]: ci-info: | enp0s3 |  True |         10.0.2.15         | 255.255.255.0 |   .   | 02:21:52:1a:0a:14 |
[   27.635327] cloud-init[959]: ci-info: | enp0s3 |  True | fe80::21:52ff:fe1a:a14/64 |       .       |  link | 02:21:52:1a:0a:14 |
[   27.637461] cloud-init[959]: ci-info: | enp0s8 | False |             .             |       .       |   .   | 08:00:27:d0:db:ee |
[   27.660852] cloud-init[959]: ci-info: | enp0s9 | False |             .             |       .       |   .   | 08:00:27:88:64:13 |
[   27.668838] cloud-init[959]: ci-info: |   lo   |  True |         127.0.0.1         |   255.0.0.0   |   .   |         .         |
[   27.670657] cloud-init[959]: ci-info: |   lo   |  True |          ::1/128          |       .       |  host |         .         |
[   27.674445] cloud-init[959]: ci-info: +--------+-------+---------------------------+---------------+-------+-------------------+
[   27.680311] cloud-init[959]: ci-info: +++++++++++++++++++++++++++Route IPv4 info++++++++++++++++++++++++++++
[   27.689358] cloud-init[959]: ci-info: +-------+-------------+----------+---------------+-----------+-------+
[[0;32m  OK  [0m] Started Initial cloud-init job (metadata service crawler).
[   27.694655] [[0;32m  OK  [0m] Reached target System Initialization.
cloud-init[959]: ci-info: | Route | Destination | Gateway  |    Genmask    | Interface | Flags |
[   27.741095] [[0;32m  OK  [0m] Started ACPI Events Check.
[[0;32m  OK  [0m] Reached target Paths.
         Starting Socket activation for snappy daemon.
[[0;32m  OK  [0m] Listening on UUID daemon activation socket.
[[0;32m  OK  [0m] Listening on ACPID Listen Socket.
[[0;32m  OK  [0m] Started Daily apt download activities.
[[0;32m  OK  [0m] Started Daily apt upgrade and clean activities.
[[0;32m  OK  [0m] Started Daily Cleanup of Temporary Directories.
[[0;32m  OK  [0m] Reached target Timers.
cloud-init[959]: ci-info: +-------+-------------+----------+---------------+-----------+-------+
[   27.749556] cloud-init[959]: ci-info: |   0   |   0.0.0.0   | 10.0.2.2 |    0.0.0.0    |   enp0s3  |   UG  |
[   27.751340] cloud-init[959]: ci-info: |   1   |   10.0.2.0  | 0.0.0.0  | 255.255.255.0 |   enp0s3  |   U   |
[   27.753106] cloud-init[959]: ci-info: +-------+-------------+----------+---------------+-----------+-------+
[   27.754851] cloud-init[959]: Generating public/private rsa key pair.
[   27.756323] cloud-init[959]: Your identification has been saved in /etc/ssh/ssh_host_rsa_key.
[   27.757966] cloud-init[959]: Your public key has been saved in /etc/ssh/ssh_host_rsa_key.pub.
[   27.759575] cloud-init[959]: The key fingerprint is:
[   27.760874] cloud-init[959]: SHA256:ZQvcgmMlJ+5VEgLKpkVp+ZcLUBx2ekWtYHfCr5OPecs root@ubuntu-xenial
[   27.770813] cloud-init[959]: The key's randomart image is:
[   27.801107] cloud-init[959]: +---[RSA 2048]----+
[   27.802437] cloud-init[959]: |  .==o=oBo.      |
[   27.818605]          cloud-initStarting LXD - unix socket.[959]: 
| o=o.+oX++o      |
[   27.822677] cloud-init[959]: | .=o..*+==+      |
[   27.824459] cloud-init[959]: | +  o+oo.=..     |
[   27.825208] cloud-init[959]: |.    o..So.      |
[   27.825251] cloud-init[959]: |      . +        |
[   27.825286] cloud-init[959]: |         =       |
[   27.825321] cloud-init[959]: |        o.o      |
[   27.825356] cloud-init[959]: |         .E.     |
[   27.825392] cloud-init[959]: +----[SHA256]-----+
[   27.825427] cloud-init[959]: Generating public/private dsa key pair.
[   27.825461] cloud-init[959]: Your identification has been saved in /etc/ssh/ssh_host_dsa_key.
[   27.825504] cloud-init[959]: Your public key has been saved in /etc/ssh/ssh_host_dsa_key.pub.
[   27.825540] cloud-init[959]: The key fingerprint is:
[   27.825575] cloud-init[959]: SHA256:sbDs5FD9OLqX3fxh+54/oEVndKPyliPCnytCEonu5Uc root@ubuntu-xenial
[   27.825610] cloud-init[959]: The key's randomart image is:
[   27.825647] cloud-init[959]: +---[DSA 1024]----+
[   27.825682] cloud-init[959]: |                 |
[   27.825716] cloud-init[959]: |       .       o.|
[   27.825758] cloud-init[959]: |    . + o     o o|
[   27.825814] cloud-init[959]: |   . = o = . o o |
[   27.825862] cloud-init[959]: |  . . = S . + +  |
[   27.825898] cloud-init[959]: |   . B E + . B   |
[   27.825932] cloud-init[959]: |  . o B  ooo* =  |
[   27.825968] cloud-init[959]: |   . . +o..+o. +.|
[   27.826002] cloud-init[959]: |      o.. ....o+*|
[   27.826038] cloud-init[959]: +----[SHA256]-----+
[   27.826094] cloud-init[959]: Generating public/private ecdsa key pair.
[   27.826149] cloud-init[959]: Your identification has been saved in /etc/ssh/ssh_host_ecdsa_key.
[   27.826187] cloud-init[959]: Your public key has been saved in /etc/ssh/ssh_host_ecdsa_key.pub.
[   27.826232] cloud-init[959]: The key fingerprint is:
[   27.826268] cloud-init[959]: SHA256:S+KEGnTonIWYWbl2mXjraqllX5vX7vjX1t9n6EpxcvY root@ubuntu-xenial
[   27.826303] cloud-init[959]: The key's randomart image is:
[   27.826337] cloud-init[959]: +---[ECDSA 256]---+
[   27.826370] cloud-init[959]: |  ..             |
[   27.826404] cloud-init[959]: | =.o             |
[   27.826438] cloud-init[959]: |+ +ooo           |
[   27.826485] cloud-init[959]: | +++=.           |
[   27.826520] cloud-init[959]: | .=o..o S   o +  |
[   27.826555] cloud-init[959]: |   o.o o .   * . |
[   27.826590] cloud-init[959]: |  +o  o ..  .. oE|
[   27.826625] cloud-init[959]: | oo... o..... + =|
[   27.826660] cloud-init[959]: |.o... o..++..+..=|
[   27.826695] cloud-init[959]: +----[SHA256]-----+
[   27.826728] cloud-init[959]: Generating public/private ed25519 key pair.
[   27.826764] cloud-init[959]: Your identification has been saved in /etc/ssh/ssh_host_ed25519_key.
[   27.826799] cloud-init[959]: Your public key has been saved in /etc/ssh/ssh_host_ed25519_key.pub.
[   27.826834] cloud-init[959]: The key fingerprint is:
[   27.826868] cloud-init[959]: SHA256:QuugfTJKEExlULwASvjCCy8t1NrTexjlfAW1aWvM6gc root@ubuntu-xenial
[   27.826905] cloud-init[959]: The key's randomart image is:
[   27.826941] cloud-init[959]: +--[ED25519 256]--+
[   27.826975] cloud-init[959]: |++=+      ..     |
[   27.827009] cloud-init[959]: |*...     .  o    |
[   27.827061] cloud-init[959]: |+oo . .   .+     |
[   27.827111] cloud-init[959]: |o+.o . o  +..    |
[   27.827156] cloud-init[959]: |+++ o * S .=     |
[   27.827218] cloud-init[959]: |o+o= = + Eo      |
[   27.827277] cloud-init[959]: | oo = * ...      |
[   27.827338] cloud-init[959]: | . . * ..  .     |
[   27.827398] cloud-init[959]: |  .   .  ..      |
[   27.827459] cloud-init[959]: +----[SHA256]-----+
[[0;32m  OK  [0m] Listening on D-Bus System Message Bus Socket.
[[0;32m  OK  [0m] Reached target Cloud-config availability.
[[0;32m  OK  [0m] Reached target Network is Online.
         Starting iSCSI initiator daemon (iscsid)...
[[0;32m  OK  [0m] Listening on Socket activation for snappy daemon.
[[0;32m  OK  [0m] Listening on LXD - unix socket.
[[0;32m  OK  [0m] Reached target Sockets.
[[0;32m  OK  [0m] Reached target Basic System.
         Starting System Logging Service...
         Starting Login Service...
         Starting Apply the settings specified in cloud-config...
[[0;32m  OK  [0m] Started FUSE filesystem for LXC.
[[0;32m  OK  [0m] Started ACPI event daemon.
         Starting Pollinate to seed the pseudo random number generator...
[[0;32m  OK  [0m] Started Deferred execution scheduler.
         Starting Virtualbox guest utils...
         Starting LXD - container startup/shutdown...
[[0;32m  OK  [0m] Started Unattended Upgrades Shutdown.
[[0;32m  OK  [0m] Started Regular background program processing daemon.
         Starting LSB: MD monitoring daemon...
         Starting Accounts Service...
[[0;32m  OK  [0m] Started D-Bus System Message Bus.
[   30.198337] cloud-init[1061]: Generating locales (this might take a while)...
         Starting LSB: Record successful boot for GRUB...
         Starting /etc/rc.local Compatibility...
         Starting Snappy daemon...
[[0;32m  OK  [0m] Started System Logging Service.
[[0;32m  OK  [0m] Started iSCSI initiator daemon (iscsid).
[[0;32m  OK  [0m] Started /etc/rc.local Compatibility.
         Starting Login to default iSCSI targets...
[[0;32m  OK  [0m] Started Login Service.
[[0;32m  OK  [0m] Started LSB: Record successful boot for GRUB.
         Starting Authenticate and Authorize Users to Run Privileged Tasks...
[[0;32m  OK  [0m] Started Login to default iSCSI targets.
[[0;32m  OK  [0m] Reached target Remote File Systems (Pre).
[[0;32m  OK  [0m] Reached target Remote File Systems.
         Starting LSB: daemon to balance interrupts for SMP systems...
         Starting LSB: automatic crash report generation...
         Starting LSB: Set the CPU Frequency Scaling governor to "ondemand"...
         Starting Permit User Sessions...
[[0;32m  OK  [0m] Started LSB: MD monitoring daemon.
[[0;32m  OK  [0m] Started LSB: Set the CPU Frequency Scaling governor to "ondemand".
[[0;32m  OK  [0m] Started LSB: automatic crash report generation.
[[0;32m  OK  [0m] Started Permit User Sessions.
         Starting Terminate Plymouth Boot Screen...
         Starting Hold until boot process finishes up...
[[0;32m  OK  [0m] Started LSB: daemon to balance interrupts for SMP systems.
[[0;32m  OK  [0m] Started Terminate Plymouth Boot Screen.
[[0;32m  OK  [0m] Started Hold until boot process finishes up.
[[0;32m  OK  [0m] Started Serial Getty on ttyS0.
[[0;32m  OK  [0m] Started Getty on tty1.
[[0;32m  OK  [0m] Reached target Login Prompts.
         Starting Set console scheme...
[[0;32m  OK  [0m] Started Set console scheme.
[[0;32m  OK  [0m] Started Virtualbox guest utils.
[[0;32m  OK  [0m] Started Authenticate and Authorize Users to Run Privileged Tasks.
[[0;32m  OK  [0m] Started Accounts Service.
[[0;32m  OK  [0m] Started LXD - container startup/shutdown.
[[0;32m  OK  [0m] Started Snappy daemon.
         Starting Wait until snapd is fully seeded...
[   33.562988] cloud-init[1061]:   en_US.UTF-8... done
[   33.586584] cloud-init[1061]: Generation complete.
[[0;32m  OK  [0m] Started Pollinate to seed the pseudo random number generator.
         Starting OpenBSD Secure Shell server...
[[0;32m  OK  [0m] Started OpenBSD Secure Shell server.
[   34.666638] cloud-init[1061]: Cloud-init v. 18.2 running 'modules:config' at Sat, 28 Jul 2018 19:25:15 +0000. Up 29.65 seconds.
[[0;32m  OK  [0m] Started Apply the settings specified in cloud-config.
[[0;32m  OK  [0m] Created slice User Slice of vagrant.
         Starting User Manager for UID 1000...
[[0;32m  OK  [0m] Started Session 1 of user vagrant.
[[0;32m  OK  [0m] Started User Manager for UID 1000.
[[0;32m  OK  [0m] Started Wait until snapd is fully seeded.
[[0;32m  OK  [0m] Reached target Multi-User System.
         Starting Execute cloud user/final scripts...
[[0;32m  OK  [0m] Reached target Graphical Interface.
         Starting Update UTMP about System Runlevel Changes...
[[0;32m  OK  [0m] Started Update UTMP about System Runlevel Changes.
ci-info: no authorized ssh keys fingerprints found for user ubuntu.
<14>Jul 28 19:25:21 ec2: 
<14>Jul 28 19:25:21 ec2: #############################################################
<14>Jul 28 19:25:21 ec2: -----BEGIN SSH HOST KEY FINGERPRINTS-----
<14>Jul 28 19:25:21 ec2: 1024 SHA256:sbDs5FD9OLqX3fxh+54/oEVndKPyliPCnytCEonu5Uc root@ubuntu-xenial (DSA)
<14>Jul 28 19:25:21 ec2: 256 SHA256:S+KEGnTonIWYWbl2mXjraqllX5vX7vjX1t9n6EpxcvY root@ubuntu-xenial (ECDSA)
<14>Jul 28 19:25:21 ec2: 256 SHA256:QuugfTJKEExlULwASvjCCy8t1NrTexjlfAW1aWvM6gc root@ubuntu-xenial (ED25519)
<14>Jul 28 19:25:21 ec2: 2048 SHA256:ZQvcgmMlJ+5VEgLKpkVp+ZcLUBx2ekWtYHfCr5OPecs root@ubuntu-xenial (RSA)
<14>Jul 28 19:25:21 ec2: -----END SSH HOST KEY FINGERPRINTS-----
<14>Jul 28 19:25:21 ec2: #############################################################
-----BEGIN SSH HOST KEY KEYS-----
ecdsa-sha2-nistp256 AAAAE2VjZHNhLXNoYTItbmlzdHAyNTYAAAAIbmlzdHAyNTYAAABBBKVwfXo0zVu6yjjIa3KGLDfbbraA7KH9L310C9HQRhPjpFACQmnVVmz6MUBU1cMN6WX7QBHwvyR6lAN3XrwqdJU= root@ubuntu-xenial
ssh-ed25519 AAAAC3NzaC1lZDI1NTE5AAAAIK23LTuXjzNCtZGv4GY+f4EXcFTBhUA2GfXDbjhz9thx root@ubuntu-xenial
ssh-rsa AAAAB3NzaC1yc2EAAAADAQABAAABAQDWY2YrfJUelKf3MZu9bNKAdLmlx5DE7pjNYJL3iLuaNAcx2lmHbSRU6CTwLWEaFjqtItucJYde0W/r9k56nipzGVJpQgnFGeZVxRSp6PMPpODCKMqdPls+YsZUAGsChrAjMENVzWXpDtJx5rqLUn0y5zn7S8hZvnYAjhY3sT/+ho+gtwMTwzEVqTAuh/5NlBgK/yQkJI25WIdvk3GJhRsIdzaEAxiXoRuJpPZL2oL2jLReZDrann7Rb+PnIYU4b6C2Qz44Gl5bASuz9qRms1sPbF446Gp5IJZyRxCNgS5s4qgLWVC5f96dKVtTE9LBTG1hPkBQVSMfSKTjbt7p22th root@ubuntu-xenial
-----END SSH HOST KEY KEYS-----
[   36.467946] cloud-init[1378]: Cloud-init v. 18.2 running 'modules:final' at Sat, 28 Jul 2018 19:25:21 +0000. Up 35.94 seconds.
[   36.469925] cloud-init[1378]: ci-info: no authorized ssh keys fingerprints found for user ubuntu.
[   36.471388] cloud-init[1378]: Cloud-init v. 18.2 finished at Sat, 28 Jul 2018 19:25:21 +0000. Datasource DataSourceNoCloud [seed=/dev/sdb][dsmode=net].  Up 36.46 seconds
[[0;32m  OK  [0m] Started Execute cloud user/final scripts.
[[0;32m  OK  [0m] Reached target Cloud-init target.

Ubuntu 16.04.5 LTS ubuntu-xenial ttyS0

ubuntu-xenial login: 