[   0.0000] Initializing cgrop subsys cpuset
[    0.000000] Initializing cgroup subsys cpu
[    0.000000] Initializing cgroup subsys cpuacct
[    0.000000] Linux version 4.4.0-127-generic (buildd@lcy01-amd64-023) (gcc version 5.4.0 20160609 (Ubuntu 5.4.0-6ubuntu1~16.04.9) ) #153-Ubuntu SMP Sat May 19 10:58:46 UTC 2018 (Ubuntu 4.4.0-127.153-generic 4.4.128)
[    0.000000] Command line: BOOT_IMAGE=/boot/vmlinuz-4.4.0-127-generic root=LABEL=cloudimg-rootfs ro console=tty1 console=ttyS0
[    0.000000] KERNEL supported cpus:
[    0.000000]   Intel GenuineIntel
[    0.000000]   AMD AuthenticAMD
[    0.0000]  Cetaur CetaurHaul
   0.000000] 6/pu xstate_offset[2]:  576, xstate_sizes[2]:  256
[    0.000000] x86/fpu: Supporting XSAVE feature 0x01: 'x87 floating point registers'
[  0.000000] x86/fpu: Supporting XSAVE feature 0x02: 'SSE registers'
[    0.000000] x86/fpu: Supporting XSAVE feature 0x04: 'AVX registers
[    0.000000] x86/fpu: Enabled xstate features 0x7, context size is 832 bytes, using 'standard' format.
[    0.000000] x86/fpu: Using 'lazy' FPU context switches.
[    0.000000] e820: BIOS-provided physical RAM map:
[    0.000000] BIOS-e820: [mem 0x0000000000000000-0x000000000009fbff] usable
[    0.000000] BIOS-e820: [mem 0x000000000009fc00-0x000000000009ffff] reserved
[    0.000000] BIOS-e820: [mem 0x00000000000f0000-0x00000000000fffff] reserved
[    0.000000] BIOS-e820: [mem 0x0000000000100000-0x00000000dffeffff] usable
[    0.000000] BIOS-e820: [mem 0x00000000dfff0000-0x00000000dfffffff] ACPI data
[    0.000000] BIOS-e820: [mem 0x00000000fec00000-0x00000000fec00fff] reserved
[    0.000000] BIOS-e820: [mem 0x00000000fee00000-0x00000000fee00fff] reserved
[    0.000000] BIOS-e820: [mem 0x00000000fffc0000-0x00000000ffffffff] reserved
[    0.000000] BIOS-e820: [mem 0x0000000100000000-0x000000021fffffff] usable
[    0.000000] NX (Execute Disable) protection: acte[   0.000000] SMBIOS 2.5 present.
[    0.000000] Hypervisor detected: KVM
[    0.000000] e820: last_pfn = 0x220000 max_arch_pfn = 0x400000000
[    0.0000] MTRR: Disabled
[    0.00000] x86/PAT: MTRRs disabled, skipping PAT initialization too.
[    0.000000] CPU MTRRs all blank - virtualized system.
[  000000 x/PT: onguration [0-7] WB  WT  UC- UC  WB  WT  UC- UC [   .0000]820: aspf = 0xdffmax_arch_pfn = 0x400000000
[    0.000000] found SMP MP-table at [mem 0x0009fff0-0x0009ffff] mapped at [ffff88000009fff0]
[    0.000000] Scanning 1 areas for low memory corruption
[    0.000000] RAMDISK: [mem 0x36a96000-0x37542fff]
[    0.000000] ACPI: Early table checksum verification disabled
[   0.0000ACPI RP x00000000000E00 004 (v02 VBOX  )
[    0.000000] ACPI: XSDT 0x00000000DFFF003003C (v01 VBOX   VBOXXSDT 00000001 ASL  00000061)
[    0.000000] ACPI: FACP 0x00000000DFFF00F0 0000F4 (v04 VBOX   VBOXFACP 00000001 ASL  00000061)
[    0.000000] ACPI: DSDT 0x000000FF470 0021FF (v02 VBOX   VBOXBIOS 00000002 INTL 20100528)
[  000000]ACPI: FACS 0x00000000DFFF0200 000040
[    0.000000] ACPI: FACS 0x00000000DFFF0200 000040
[    0.000000] ACPI: APIC 0x00000000DFFF0240 00005C (v02 VBOX   VBOXAPIC 00000001 ASL  00000061)
    0.000000] ACPI: SSDT 0x00000000DFFF02A0 0001CC (v01 VBOX   VBOXCPUT 00000002 INTL 20100528)
[    0.000000] No NUMA configuration found
[    0.000000] Faking a node at [mem 0x0000000000000000-0x000000021fffffff]
[    0.000000] NODE_DATA(0) allocated [mem 0x21fff5000-0x21fff9fff]
[    0.000000] kvm-clock: Using msrs 564d01 and 4b564d00
[    0.000000] kvm-clock: cpu 0, msr 2:1fed001, primary cpu clock
[    0.000000] kvm-clock: using sched offset of 531193203 cycles
[    0.000000] clocksource: kvm-clock: mask: 0xffffffffffffffff max_cycles: 0x1cd42e4dffb, max_idle_ns: 881590591483 ns
[    0.000000] Zone ranges:
[   0.000000]   DMA    [mem 0x0000000000001000-0x0000000000ffffff]
[    0.000000]   DMA32    [mem 0x0000000001000000-0x00000000ffffffff]
[    0.000000]   Normal   [mem 0x0000000100000000-0x000000021fffffff]
[    0.000000]   Device   empty
[    0.000000] Movable zone start for each node
[   0.000000] Early memory node range
[   0.000000]  node  0:mem 0x0000000000001000-0x000000000009efff]
[    0.000000]   node   0: [mem 0x0000000000100000-0x00000000dffeffff]
[    0.000000]   node   0: [mem 0x0000000100000000-0x000000021fffffff]
[    0.000000] Initmem setup node 0 [mem 0x0000000000001000-0x000000021fffffff]
[    0.000000] ACPI: PM-Timer IO Port: 0x4008
[    0.000000]IOPIC[0]: apic_id 2, version 32, address 0xfec00000, GSI 0-23
[    0.000000] ACPI: INT_SRC_OVR (bus 0 bus_irq 0 global_irq 2 dfl dfl)
[    0.000000] ACPI: INT_SRC_OVR (bus 0 bus_irq 9 global_irq 9 low level)
[    0.000000] Using ACPI (MADT) for SMP configuration information
[    0.000000] smpboot: Allowing 2 CPU,  hotplug CPUs
[    0.000000] PM: Registered nosave memory: [mem 0x00000000-0x00000fff]
[    0.000000] PM: Regisred nosavememry: [mem 0x0009f000-0x0009ffff]
[    0.000000] PM: Registered nosave memory: [mem 0x000a0000-0x000effff]
[    0.000000] PM: Registered nosave memory: [mem 0x000f0000-0x000fffff]
[    0.000000] PM: Registered nosave memory: [mem 0xdfff0000-0xdfffffff]
[    0.000000] PM: Registered nosave memory: [mem 0xe0000000-0xfebfffff]
[    0.000000] PM: Registered nosave memory: [mem 0xfec00000-0xfec00fff]
[    0.000000] PM: Registered nosave memory: [mem 0xfec01000-0xfedfffff]
[    0.000000] PM: Registered nosave memory: [mem 0xfee00000-0xfee00fff]
[    0.000000] PM: Registered nosave memory: [mem 0xfee01000-0xfffbffff]
[    0.000000] PM: Registered nosave memory: [mem 0xfffc0000-0xffffffff]
[    0.000000] e820: [mem 0xe0000000-0xfebfffff] available for PCI devices
[    0.000000] Booting paravirtualized kernel on KVM
[    0.000000] clocksource: refined-jiffies: mask: 0xffffffff max_cycles: 0xffffffff, max_idle_ns: 7645519600211568 ns
[    0.000000] setup_percpu: NR_CPUS:512 nr_cpumask_bits:512 nr_cpu_ids:2 nr_node_ids:1
[    0.000000] PERCPU: Embedded 34 pages/cpu @ffff88021fc00000 s99544 r8192 d31528 u1048576
[    0.000000] PV qspinlock hash table entries: 256 (order: 0, 4096 bytes)
[    0.000000] Built 1 zonelists in Node order, mobility grouping on. Total pages: 206428    0.000000] Policy zone: Normal
[    0.000000] Kernel command line: BOOT_IMAGE=/boot/vmlinuz-4.4.0-127-generic root=LABEL=cloudimg-rootfs ro console=tty1 console=ttyS0
[    0.000000] PID hash table entries: 4096 (order: 3, 32768 bytes)
[    0.000000] Memory: 8160860K/8388152K available (8537K kernelode, 1313K rwdata, 4000K rodata, 1512K init, 1316K bss, 227292K reserved, 0K cma-reserved)
[    0.000000] SLUB: HWalign=64, Order=0-3, MinObjects=0, CPUs=2, Nodes=1
[    0.000000] Kernel/User page tables isolation: enabled
[    0.000000] Hierarchical RCU implementation.
[    0.000000] 	Build-time adjustment of leaf fanout to 64.
[    0.000000] 	RCU restricting CPUs from NR_CPUS=512 to nr_cpu_ids=2.
[    0.000000] RCU: Adjusting geometry for rcu_fanout_leaf=64, nr_cpu_ids=2
[    0.000000] NR_IRQS:33024 nr_irqs:440 16
[    0.000000] Console: colour VGA+ 80x25
[    0.000000] console [tty1] enabled
[    0.000000] console [ttyS0] enabled
[    0.000000] tsc: Detected 3392.306 MHz processor
[    1.861908] Calibrating delay loop (skipped) preset value.. 6784.61 BogoMIPS (lpj=13569224)
[    1.863952] pid_max: default: 32768 minimum: 301
[    1.865044] ACPI: Core revision 20150930
[    1.866608] ACPI: 2 ACPI AML tables successfully acquired and loaded
[    1.87789] Security Framework initialized
[    1.879897] Yama: becoming mindful.
[    1.880609] AppArmor: AppArmor initialized
[    1.883635] Dentry cache hash table entries: 1048576 (order: 11, 8388608 bytes)

[    1.893677] Inode-cache hash table entries: 524288 (order: 10, 4194304 bytes)
[    1.897318] Mount-cache hash table entries: 16384 (order: 5, 131072 bytes)
[    1.898478] Mountpoint-cache hash table entries: 16384 (order: 5, 131072 bytes)
[    1.901729] Initializing cgroup subsys io
[    1.902521] Initializing cgroup subsys memory
[    1.903305] Initializing cgroup subsys devices
[    1.904103] Initializing cgroup subsys freezer
[    1.904852] Initializing cgroup subsys net_cls
[    1.905691] Initializing cgroup subsys perf_event
[    1.914594] Initializing cgroup subsys net_prio
[    1.915416] Initializing cgroup subsys hugetlb
[    1.916241] Initializing cgroup subsys pids
[    1.917060] CPU: Physical Processor ID: 0
[    1.917834] CPU: Processor Core ID: 0
[    1.918811] mce: CPU supports 0 MCE banks
[    1.919552] Last level iTLB entries: 4KB 512, 2MB 8, 4MB 8
[    1.920473] Last level dTLB entries: 4KB 512, 2MB 32, 4MB 32, 1GB 0
[    1.921510] Spectre V2 : Mitigation: Full generic retpoline
[    1.929333] Spectre V2 : Speculation control IBPB not-supported IBRS not-supported
[    1.962486] Speculative Store Bypass: Vulnerable
[    1.988360] Freeing SMP alternatives memory: 32K
[    1.996356] ftrace: allocating 32237 entries in 126 pages
[    2.044748] smpboot: APIC(0) Converting physical 0 to logical package 0
[    2.078570] smpboot: Max logical packages: 1
[    2.106706] x2apic enabled
[    2.113759] Switched APIC routing to physical x2apic.
[    2.115676] ..TIMER: vector=0x30 apic1=0 pin1=2 apic2=-1 pin2=-1
[    2.221410] smpboot: CPU0: Intel(R) Core(TM) i7-3770 CPU @ 3.40GHz (family: 0x6, model: 0x3a, stepping: 0x9)
[    2.286188] Performance Events: unsupported p6 CPU model 58 no PMU driver, software events only.
[    2.350721] KVM setup paravirtual spinlock
[    2.418540] x86: Booting SMP configuration:
[    2.429031] .... node  #0, CPUs:      #1
[    2.446626] kvm-clock: cpu 1, msr 2:1ffed041, secondary cpu clock
[    2.447656] mce: CPU supports 0 MCE banks
[    2.450151] x86: Booted up 1 node, 2 CPUs
[    2.451052] smpboot: Total of 2 processors activated (13569.22 BogoMIPS)
[    2.454415] devtmpfs: initialized
[    2.463500] evm: security.selinux
[    2.464141] evm: security.SMACK64
[    2.464887] evm: security.SMACK64EXEC
[    2.478034] evm: security.SMACK64TRANSMUTE
[    2.479208] evm: security.SMACK64MMAP
[    2.480437] evm: security.ima
[    2.488286] evm: security.capability
[    2.489232] clocksource: jiffies: mask: 0xffffffff max_cycles: 0xffffffff, max_idle_ns: 7645041785100000 ns
[    2.490942] futex hash table entries: 512 (order: 3, 32768 bytes)
[    2.492087] pinctrl core: initialized pinctrl subsystem
[    2.493096] RTC time:  2:38:43, date: 05/28/18
[    2.496056] NET: Registered protocol family 16
[    2.505460] cpuidle: using governor ladder
[    2.537696] cpuidle: using governor menu
[    2.554821] PCCT header not found.
[    2.562935] ACPI: bus type PCI registered
[    2.577028] acpiphp: ACPI Hot Plug PCI Controller Driver version: 0.5
[    2.602655] PCI: Using configuration type 1 for base access
[    2.633986] ACPI: Added _OSI(Module Device)
[    2.634867] ACPI: Added _OSI(Processor Device)
[    2.635690] ACPI: Added _OSI(3.0 _SCP Extensions)
[    2.636553] ACPI: Added _OSI(Processor Aggregator Device)
[    2.638243] ACPI: Executed 1 blocks of module-level executable AML code
[    2.641241] ACPI: Interpreter enabled
[    2.641987] ACPI: (supports S0 S5)
[    2.642689] ACPI: Using IOAPIC for interrupt routing
[    2.643703] PCI: Using host bridge windows from ACPI; if necessary, use "pci=nocrs" and report a bug
[    2.650650] ACPI: PCI Root Bridge [PCI0] (domain 0000 [bus 00-ff])
[    2.652029] acpi PNP0A03:00: _OSC: OS supports [ASPM ClockPM Segments MSI]
[    2.654445] acpi PNP0A03:00: _OSC: not requesting OS control; OS requires [ExtendedConfig ASPM ClockPM MSI]
[    2.659199] acpi PNP0A03:00: fail to add MMCONFIG information, can't access extended PCI configuration space under this bridge.
[    2.669873] PCI host bridge to bus 0000:00
[    2.678718] pci_bus 0000:00: root bus resource [io  0x0000-0x0cf7 window]
[    2.687131] pci_bus 0000:00: root bus resource [io  0x0d00-0xffff window]
[    2.688214] pci_bus 0000:00: root bus resource [mem 0x000a0000-0x000bffff window]
[    2.691536] pci_bus 0000:00: root bus resource [mem 0xe0000000-0xfdffffff window]
[    2.694908] pci_bus 0000:00: root bus resource [bus 00-ff]
[    2.697548] pci 0000:00:01.1: legacy IDE quirk: reg 0x10: [io  0x01f0-0x01f7]
[    2.709144] pci 0000:00:01.1: legacy IDE quirk: reg 0x14: [io  0x03f6]
[    2.748049] pci 0000:00:01.1: legacy IDE quirk: reg 0x18: [io  0x0170-0x0177]
[    2.749262] pci 0000:00:01.1: legacy IDE quirk: reg 0x1c: [io  0x0376]
[    2.834768] pci 0000:00:07.0: quirk: [io  0x4000-0x403f] claimed by PIIX4 ACPI
[    2.852752] pci 0000:00:07.0: quirk: [io  0x4100-0x410f] claimed by PIIX4 SMB
[    2.968292] ACPI: PCI Interrupt Link [LNKA] (IRQs 5 9 10 *11)
[    2.979518] ACPI: PCI Interrupt Link [LNKB] (IRQs 5 9 *10 11)
[    2.999067] ACPI: PCI Interrupt Link [LNKC] (IRQs 5 *9 10 11)
[    3.004046] ACPI: PCI Interrupt Link [LNKD] (IRQs 5 9 10 *11)
[    3.017420] ACPI: Enabled 2 GPEs in block 00 to 07
[    3.030988] vgaarb: setting as boot device: PCI:0000:00:02.0
[    3.032265] vgaarb: device added: PCI:0000:00:02.0,decodes=io+mem,owns=io+mem,locks=none
[    3.040506] vgaarb: loaded
[    3.041262] vgaarb: bridge control possible 0000:00:02.0
[    3.042458] SCSI subsystem initialized
[    3.043261] ACPI: bus type USB registered
[    3.044024] usbcore: registered new interface driver usbfs
[    3.044980] usbcore: registered new interface driver hub
[    3.045985] usbcore: registered new device driver usb
[    3.047500] PCI: Using ACPI for IRQ routing
[    3.050538] NetLabel: Initializing
[    3.051363] NetLabel:  domain hash size = 128
[    3.055282] NetLabel:  protocols = UNLABELED CIPSOv4
[    3.057535] NetLabel:  unlabeled traffic allowed by default
[    3.059000] amd_nb: Cannot enumerate AMD northbridges
[    3.061834] clocksource: Switched to clocksource kvm-clock
[    3.071623] AppArmor: AppArmor Filesystem Enabled
[    3.072647] pnp: PnP ACPI init
[    3.074027] pnp: PnP ACPI: found 3 devices
[    3.083406] clocksource: acpi_pm: mask: 0xffffff max_cycles: 0xffffff, max_idle_ns: 2085701024 ns
[    3.085050] NET: Registered protocol family 2
[    3.085986] TCP established hash table entries: 65536 (order: 7, 524288 bytes)
[   .037 T bd shab etrs:5536 (order: 8, 1048576 bytes)
[    3.545144] TCP: Hash tables configured (established 65536 bin 65536
   3.592853] UDP hash table entries: 4096 (order: 5, 131072 bytes)
[    3.640847] UDP-Lite hash table entries: 4096 (order: 5, 131072 bytes)
[    3.642559] NET: Registered protocol family 1
[    3.643560] pci 0000:00:00.0: Limiting direct PCI/PCI transfers
[    3.644911] pci 0000:00:01.0: Activating ISA DMA hang workarounds
[    3.646725] Unpacking initramfs...

[    5.298877] Freeing initrd memory: 10932K
[    5.330424] PCI-DMA: Using software bounce buffering for IO (SWIOTLB)
[    5.353581] software IO TLB [mem 0xdbff0000-0xdfff0000] (64MB) mapped at [ffff8800dbff0000-ffff8800dffeffff]
[    5.379307] RAPL PMU detected, API unit is 2^-32 Joules, 3 fixed counters 10737418240 ms ovfl timer
[    5.412905] hw unit of domain pp0-core 2^-0 Joules
[    5.420570] hw unit of domain package 2^-0 Joules
[    5.421417] hw unit of domain pp1-gpu 2^-0 Joules
[    5.422337] platform rtc_cmos: registered platform RTC device (no PNP device found)
[    5.423762] Scanning for low memory corruption every 60 seconds
[    5.434596] audit: initializing netlink subsys (disabled)
[    5.435789] audit: type=2000 audit(1527475131.872:1): initialized
[    5.437537] Initialise system trusted keyring
[    5.440142] HugeTLB registered 2 MB page size, pre-allocated 0 pages
[    5.444365] zbud: loaded
[    5.448731] VFS: Disk quotas dquot_6.6.0
[    5.456580] VFS: Dquot-cache hash table entries: 512 (order 0, 4096 bytes)
[    5.504706] squashfs: version 4.0 (2009/01/31) Phillip Lougher
[    5.564865] fuse init (API version 7.23)
[    5.619401] Key type big_key registered
[    5.630093] Allocating IMA MOK and blacklist keyrings.
[    5.632710] Key type asymmetric registered
[    5.633485] Asymmetric key parser 'x509' registered
[    5.634433] Block layer SCSI generic (bsg) driver version 0.4 loaded (major 249)
[    5.716151] io scheduler noop registered
[    5.716952] io scheduler deadline registered (default)
[    5.724753] io scheduler cfq registered
[    5.756337] pci_hotplug: PCI Hot Plug PCI Core version: 0.5
[    5.757765] pciehp: PCI Express Hot Plug Controller Driver version: 0.4
[    5.760752] ACPI: AC Adapter [AC] (on-line)
[    5.761626] input: Power Button as /devices/LNXSYSTM:00/LNXPWRBN:00/input/input0
[    5.763386] ACPI: Power Button [PWRF]
[    5.764227] input: Sleep Button as /devices/LNXSYSTM:00/LNXSLPBN:00/input/input1
[    5.765713] ACPI: Sleep Button [SLPF]
[    5.766731] GHES: HEST is not enabled!
[    5.767591] Serial: 8250/16550 driver, 32 ports, IRQ sharing enabled
[    5.790921] 00:02: ttyS0 at I/O 0x3f8 (irq = 4, base_baud = 115200) is a 16550A
[    5.804472] Linux agpgart interface v0.103
[    5.807107] loop: module loaded
[    5.816999] scsi host0: ata_piix
[    5.819673] scsi host1: ata_piix
[    5.820558] ata1: PATA max UDMA/33 cmd 0x1f0 ctl 0x3f6 bmdma 0xd000 irq 14
[    5.822083] ata2: PATA max UDMA/33 cmd 0x170 ctl 0x376 bmdma 0xd008 irq 15
[    5.823768] libphy: Fixed MDIO Bus: probed
[    5.824794] tun: Universal TUN/TAP device driver, 1.6
[    5.826089] tun: (C) 1999-2004 Max Krasnyansky <maxk@qualcomm.com>
[    5.827561] PPP generic driver version 2.4.2
[    5.828826] ehci_hcd: USB 2.0 'Enhanced' Host Controller (EHCI) Driver
[    5.830209] ehci-pci: EHCI PCI platform driver
[    5.831310] ehci-platform: EHCI generic platform driver
[    5.834407] ohci_hcd: USB 1.1 'Open' Host Controller (OHCI) Driver
[    5.835822] ohci-pci: OHCI PCI platform driver
[    5.854420] ohci-platform: OHCI generic platform driver
[    5.863593] uhci_hcd: USB Universal Host Controller Interface driver
[    5.877433] i8042: PNP: PS/2 Controller [PNP0303:PS2K,PNP0f03:PS2M] at 0x60,0x64 irq 1,12
[    5.887390] serio: i8042 KBD port at 0x60,0x64 irq 1
[    5.894847] serio: i8042 AUX port at 0x60,0x64 irq 12
[    5.895910] mousedev: PS/2 mouse device common for all mice
[    5.910913] rtc_cmos rtc_cmos: rtc core: registered rtc_cmos as rtc0
[    5.929197] rtc_cmos rtc_cmos: alarms up to one day, 114 bytes nvram
[    5.930675] input: AT Translated Set 2 keyboard as /devices/platform/i8042/serio0/input/input2
[    5.960178] i2c /dev entries driver
[    5.960990] device-mapper: uevent: version 1.0.3
[    5.961933] device-mapper: ioctl: 4.34.0-ioctl (2015-10-28) initialised: dm-devel@redhat.com
[    5.963661] ledtrig-cpu: registered to indicate activity on CPUs
[    6.047459] NET: Registered protocol family 10
[   6.050]ET Risered procol family 17
[    6.398094] Key type dns_resolver registered
[    6.400918] registered taskstats version 1
[    6.436538] tsc: Refined TSC clocksource calibration: 3392.649 MHz
[    6.437575] clocksource: tsc: mask: 0xffffffffffffffff max_cycles: 0x30e72e6f896, max_idle_ns: 440795268895 ns
[    6.441129] Loading compiled-in X.509 certificates
[    6.442540] Loaded X.509 cert 'Build time autogenerated kernel key: 9f6f572a3ee0cb468eb8db4aa61815bc74ef6adb'
[    6.444333] zswap: loaded using pool lzo/zbud
[    6.447092] Key type trusted registered
[    6.485144] Key type encrypted registered
[    6.485973] AppArmor: AppArmor sha1 policy hashing enabled
[    6.493464] ima: No TPM chip found, activating TPM-bypass!
[    6.504045] evm: HMAC attrs: 0x1
[    6.505131]   Magic number: 2:887:612
[    6.534221] tty tty: hash matches
[    6.561404] rtc_cmos rtc_cmos: setting system clock to 2018-05-28 02:38:47 UTC (1527475127)
[    6.563185] BIOS EDD facility v0.16 2004-Jun-25, 0 devices found
[    6.564243] EDD information not available.
[    6.568467] Freeing unused kernel memory: 1512K
[    6.569299] Write protecting the kernel read-only data: 14336k
[    6.570653] Freeing unused kernel memory: 1692K
[    6.571660] Freeing unused kernel memory: 96K
Loading, please wait...
starting version 229
[    6.588084] random: systemd-udevd: uninitialized urandom read (16 bytes read, 2 bits of entropy available)
[    6.588755] random: udevadm: uninitialized urandom read (16 bytes read, 2 bits of entropy available)
[    6.588771] random: udevadm: uninitialized urandom read (16 bytes read, 2 bits of entropy available)
[    6.596286] random: udevadm: uninitialized urandom read (16 bytes read, 2 bits of entropy available)
[    6.596325] random: udevadm: uninitialized urandom read (16 bytes read, 2 bits of entropy available)
[    6.596442] random: udevadm: uninitialized urandom read (16 bytes read, 2 bits of entropy available)
[    6.596485] random: udevadm: uninitialized urandom read (16 bytes read, 2 bits of entropy available)
[    6.596529] random: udevadm: uninitialized urandom read (16 bytes read, 2 bits of entropy available)
[    6.596571] random: udevadm: uninitialized urandom read (16 bytes read, 2 bits of entropy available)
[    6.596621] random: udevadm: uninitialized urandom read (16 bytes read, 2 bits of entropy available)
[    6.699641] e1000: Intel(R) PRO/1000 Network Driver - version 7.3.21-k8-NAPI
[    6.701090] e1000: Copyright (c) 1999-2006 Intel Corporation.
[    6.704642] Fusion MPT base driver 3.04.20
[    6.720776] Copyright (c) 1999-2008 LSI Corporation
[    6.726096] Fusion MPT SPI Host driver 3.04.20
[    6.800112] AVX version of gcm_enc/dec engaged.
[    6.850359] AES CTR mode by8 optimization enabled
[    6.959045] input: ImExPS/2 Generic Explorer Mouse as /devices/platform/i8042/serio1/input/input4
[    7.129731] e1000 0000:00:03.0 eth0: (PCI:33MHz:32-bit) 02:f0:aa:2d:49:f4
[    7.222293] e1000 0000:00:03.0 eth0: Intel(R) PRO/1000 Network Connection
[    7.292509] mptbase: ioc0: Initiating bringup
[    7.402686] ioc0: LSI53C1030 A0: Capabilities={Initiator}
[    7.599975] scsi host2: ioc0: LSI53C1030 A0, FwRev=00000000h, Ports=1, MaxQ=256, IRQ=20
[    7.710554] scsi 2:0:0:0: Direct-Access     VBOX     HARDDISK         1.0  PQ: 0 ANSI: 5
[    7.755329] scsi target2:0:0: Beginning Domain Validation
[    7.764987] scsi target2:0:0: Domain Validation skipping write tests
[    7.766406] scsi target2:0:0: Ending Domain Validation
[    7.767722] scsi target2:0:0: asynchronous
[    7.774160] scsi 2:0:1:0: Direct-Access     VBOX     HARDDISK         1.0  PQ: 0 ANSI: 5
[    7.776227] scsi target2:0:1: Beginning Domain Validation
[    7.779784] scsi target2:0:1: Domain Validation skipping write tests
[    7.782372] scsi target2:0:1: Ending Domain Validation
[    7.783637] scsi target2:0:1: asynchronous
[    7.795047] sd 2:0:0:0: Attached scsi generic sg0 type 0
[    7.796799] sd 2:0:0:0: [sda] 104857600 512-byte logical blocks: (53.7 GB/50.0 GiB)
[    7.799403] sd 2:0:1:0: [sdb] 20480 512-byte logical blocks: (10.5 MB/10.0 MiB)
[    7.801709] sd 2:0:1:0: Attached scsi generic sg1 type 0
[    7.810229] sd 2:0:1:0: [sdb] Write Protect is off
[    7.812106] sd 2:0:0:0: [sda] Write Protect is off
[    7.813481] sd 2:0:1:0: [sdb] Incomplete mode parameter data
[    7.829354] sd 2:0:1:0: [sdb] Assuming drive cache: write through
[    7.831831] sd 2:0:0:0: [sda] Incomplete mode parameter data
[    7.832906] sd 2:0:0:0: [sda] Assuming drive cache: write through
[    7.911522]  sda: sda1
[    7.913091] sd 2:0:0:0: [sda] Attached SCSI disk
[    7.929480] sd 2:0:1:0: [sdb] Attached SCSI disk
[    8.094297] e1000 0000:00:08.0 eth1: (PCI:33MHz:32-bit) 08:00:27:8a:08:55
[    8.095663] e1000 0000:00:08.0 eth1: Intel(R) PRO/1000 Network Connection
[    8.462020] e1000 0000:00:09.0 eth2: (PCI:33MHz:32-bit) 08:00:27:ae:51:79
[    8.528693] e1000 0000:00:09.0 eth2: Intel(R) PRO/1000 Network Connection
[    8.579583] e1000 0000:00:03.0 enp0s3: renamed from eth0
[    8.685628] e1000 0000:00:08.0 enp0s8: renamed from eth1
[    9.142481] e1000 0000:00:09.0 enp0s9: renamed from eth2
Begin: Loading essential drivers[   10.449036] md: linear personality registered for level -1
 ... [   10.470607] md: multipath personality registered for level -4
[   10.474112] md: raid0 personality registered for level 0
[   10.482328] md: raid1 personality registered for level 1
[   10.554232] raid6: sse2x1   gen()  8644 MB/s
[   10.646057] raid6: sse2x1   xor()  6303 MB/s
[   10.714344] raid6: sse2x2   gen() 12339 MB/s
[   10.781844] raid6: sse2x2   xor()  8455 MB/s
[   10.906676] raid6: sse2x4   gen() 14544 MB/s
[   11.046281] raid6: sse2x4   xor() 10431 MB/s
[   11.110464] raid6: using algorithm sse2x4 gen() 14544 MB/s
[   11.179431] raid6: .... xor() 10431 MB/s, rmw enabled
[   11.230433] raid6: using ssse3x2 recovery algorithm
[   11.240406] xor: automatically using best checksumming function:
[   11.277979]    avx       : 20279.000 MB/sec
[   11.280635] async_tx: api initialized (async)
[   11.296752] md: raid6 personality registered for level 6
[   11.354112] md: raid5 personality registered for level 5
[   11.402986] md: raid4 personality registered for level 4
[   11.427933] md: raid10 personality registered for level 10
done.
Begin: Running /scripts/init-premount ... done.
Begin: Mounting root file system ... Begin: Running /scripts/local-top ... done.
Begin: Running /scripts/local-premount ... [   11.474835] Btrfs loaded
Scanning for Btrfs filesystems
done.
Warning: fsck not present, so skipping root file system
[   11.611892] EXT4-fs (sda1): mounted filesystem with ordered data mode. Opts: (null)
done.
Begin: Running /scripts/local-bottom ... done.
Begin: Running /scripts/init-bottom ... done.
[   12.197739] systemd[1]: systemd 229 running in system mode. (+PAM +AUDIT +SELINUX +IMA +APPARMOR +SMACK +SYSVINIT +UTMP +LIBCRYPTSETUP +GCRYPT +GNUTLS +ACL +XZ -LZ4 +SECCOMP +BLKID +ELFUTILS +KMOD -IDN)
[   12.225274] systemd[1]: Detected virtualization oracle.
[   12.266042] systemd[1]: Detected architecture x86-64.

Welcome to [1mUbuntu 16.04.4 LTS[0m!

[   12.586131] systemd[1]: Set hostname to <ubuntu>.
[   12.624573] systemd[1]: Initializing machine ID from random generator.
[   12.652988] systemd[1]: Installed transient /etc/machine-id file.
[   12.883883] random: nonblocking pool is initialized
[   13.815140] systemd[1]: Started Trigger resolvconf update for networkd DNS.
[[0;32m  OK  [0m] Started Trigger resolvconf update for networkd DNS.
[   13.818891] systemd[1]: Created slice User and Session Slice.
[[0;32m  OK  [0m] Created slice User and Session Slice.
[   13.830477] systemd[1]: Lisening onJounal Socket (/dev/og
[[0;32m  OK  [0m] Listening on Journal Socket (/dev/log).
[   13.995779] systemd[1]: Listening on udev Kernel Socket.
[[0;32m  OK  [0m] Listening on udev Kernel Socket.
[   13.998140] systemd[1]: Listening on LVM2 poll daemon socket.
[[0;32m  OK  [0m] Listening on LVM2 poll daemon socket.
[   14.000409] systemd[1]: Reached target Encrypted Volumes.
[[0;32m  OK  [0m] Reached target Encrypted Volumes.
[   14.342196] systemd[1]: Set up automount Arbitrary Executable File Formats File System Automount Point.
[[0;32m  OK  [0m] Set up automount Arbitrary Executab...ats File System Automount Point.
[   14.472995] systemd[1]: Listening on udev Control Socket.
[[0;32m  OK  [0m] Listening on udev Control Socket.
[   14.475628] systemd[1]: Reached target User and Group Name Lookups.
[[0;32m  OK  [0m] Reached target User and Group Name Lookups.
[   14.710233] systemd[1]: Listening on Journal Audit Socet
[[0;32m  OK  [0m] Listening on Journal Audit Socket.
[   15.332053] systemd[1]: Created slice System Slice.
[[0;32m  OK  [0m] Created slice System Slice.
[   15.337006] systemd[1]: Reached target Slices.
[[0;32m  OK  [0m] Reached target Slices.
[   15.342154] systemd[1]: Created slice system-serial\x2dgetty.slice.
[[0;32m  OK  [0m] Created slice system-serial\x2dgetty.slice.
[   15.446539] systemd[1]: Listening on Journal Socket.
[[0;32m  OK  [0m] Listening on Journal Socket.
[   15.538869] systemd[1]: Starting Set console keymap...
         Starting Set console keymap...
[   15.626685] systemd[1]: Starting Remount Root and Kernel File Systems...
         Starting Remount[   15.662301] EXT4-fs (sda1): re-mounted. Opts: (null)
 Root and Kernel File Systems...
[   15.698820] systemd[1]: Mounting POSIX Message Queue File System...
         Mounting POSIX Message Queue File System...
[   15.781974] systemd[1]: Starting Nameserver information manager...
         Starting Nameserver information manager...
[   15.834077] systemd[1]: Starting Load Kernel Modules...
         Starting Load Kernel Modules...
[   15.839512] systemd[1]: Starting Create list of required static device nodes for the current kernel...
         Starting Create list of required st... nodes for the cu[   15.913276] Loading iSCSI transport class v2.0-870.
rrent kernel...
[   15.996293] iscsi: registered transport (tcp)
[   16.086456] systemd[1]: Mounting Huge Pages File System...
         Mounting Huge Pages File System...
[   16.153607] iscsi: registered transport (iser)
[   16.233946] systemd[1]: Mounting Debug File System...
         Mounting Debug File System...
[   16.253306] systemd[1]: Starting Uncomplicated firewall...
         Starting Uncomplicated firewall...
[   16.276222] systemd[1]: Listening on LVM2 metadata daemon socket.
[[0;32m  OK  [0m] Listening on LVM2 metadata daemon socket.
[   16.334620] systemd[1]: Listening on Device-mapper event daemon FIFOs.
[[0;32m  OK  [0m] Listening on Device-mapper event daemon FIFOs.
[   16.443026] systemd[1]: Starting Monitoring of LVM2 mirrors, snapshots etc. using dmeventd or progress polling...
         Starting Monitoring of LVM2 mirrors... dmeventd or progress polling...
[   16.483173] systemd[1]: Reached target System Time Synchronized.
[[0;32m  OK  [0m] Reached target System Time Synchronized.
[   16.506680] systemd[1]: Started Forward Password Requests to Wall Directory Watch.
[[0;32m  OK  [0m] Started Forward Password Requests to Wall Directory Watch.
[   16.528669] systemd[1]: Listening on /dev/initctl Compatibility Named Pipe.
[[0;32m  OK  [0m] Listening on /dev/initctl Compatibility Named Pipe.
[   16.591448] systemd[1]: Reached target Swap.
[[0;32m  OK  [0m] Reached target Swap.
[   16.604289] systemd[1]: Listening on Syslog Socket.
[[0;32m  OK  [0m] Listening on Syslog Socket.
[   16.674251] systemd[1]: Starting Journal Service...
         Starting Journal Service...
[   16.680416] systemd[1]: Mounted Huge Pages File System.
[[0;32m  OK  [0m] Mounted Huge Pages File System.
[   16.692908] systemd[1]: Mounted Debug File System.
[[0;32m  OK  [0m] Mounted Debug File System.
[   16.694845] systemd[1]: Mounted POSIX Message Queue File System.
[[0;32m  OK  [0m] Mounted POSIX Message Queue File System.
[   16.713248] systemd[1]: Started Set console keymap.
[[0;32m  OK  [0m] Started Set console keymap.
[   16.715876] systemd[1]: Started Remount Root and Kernel File Systems.
[[0;32m  OK  [0m] Started Remount Root and Kernel File Systems.
[   16.730568] systemd[1]: Started Load Kernel Modules.
[[0;32m  OK  [0m] Started Load Kernel Modules.
[   16.806481] systemd[1]: Started Create list of required static device nodes for the current kernel.
[[0;32m  OK  [0m] Started Create list of required sta...ce nodes for the current kernel.
[   16.843376] systemd[1]: Started Uncomplicated firewall.
[[0;32m  OK  [0m] Started Uncomplicated firewall.
[   16.894000] systemd[1]: Started Nameserver information manager.
[[0;32m  OK  [0m] Started Nameserver information manager.
[   16.900608] systemd[1]: Started Journal Service.
[[0;32m  OK  [0m] Started Journal Service.
[[0;32m  OK  [0m] Started LVM2 metadata daemon.
         Starting Create Static Device Nodes in /dev...
         Starting Apply Kernel Variables...
         Mounting FUSE Control File System...
         Starting udev Coldplug all Devices...
         Starting Load/Save Random Seed...
         Starting Flush Journal to Persistent Storage...
[[0;32m  OK  [0m] Mounted FUSE Control File System.
[[0;32m  OK  [0m] Started Apply Kernel Variables.
[[0;32m  OK  [0m] Started udev Coldplug all Devices.
[[0;32m  OK  [0m] Started Load/Save Random Seed.
[[0;32m  OK  [0m] Started Flush Journal to Persistent Storage.
[[0;32m  OK  [0m] Started Monitoring of LVM2 mirrors,...ng dmeventd or progress polling.
[[0;32m  OK  [0m] Started Create Static Device Nodes in /dev.
         Starting udev Kernel Device Manager...
[[0;32m  OK  [0m] Started udev Kernel Device Manager.
[[0;32m  OK  [0m] Reached target Local File Systems (Pre).
[[0;32m  OK  [0m] Reached target Local File Systems.
         Starting Commit a transient machine-id on disk...
         Starting Set console font and keymap...
         Starting Initial cloud-init job (pre-networking)...
         Starting LSB: AppArmor initialization...
         Starting Create Volatile Files and Directories...
         Starting Tell Plymouth To Write Out Runtime Data...
[[0;32m  OK  [0m] Started Dispatch Password Requests to Console Directory Watch.
[[0;32m  OK  [0m] Started Commit a transient machine-id on disk.
[[0;32m  OK  [0m] Found device /dev/ttyS0.
[[0;32m  OK  [0m] Started Tell Plymouth To Write Out Runtime Data.
[[0;32m  OK  [0m] Started Create Volatile Files and Directories.
         Starting Update UTMP about System Boot/Shutdown...
[[0;32m  OK  [0m] Started Update UTMP about System Boot/Shutdown.
[[0;32m  OK  [0m] Listening on Load/Save RF Kill Switch Status /dev/rfkill Watch.
[[0;32m  OK  [0m] Started Set console font and keymap.
[[0;32m  OK  [0m] Created slice system-getty.slice.
[[0;32m  OK  [0m] Started LSB: AppArmor initialization.
[   19.581828] cloud-init[484]: Cloud-init v. 18.2 running 'init-local' at Mon, 28 May 2018 02:39:02 +0000. Up 18.89 seconds.
[[0;32m  OK  [0m] Started Initial cloud-init job (pre-networking).
[[0;32m  OK  [0m] Reached target Network (Pre).
         Starting Raise network interfaces...
[[0;32m  OK  [0m] Started Raise network interfaces.
[[0;32m  OK  [0m] Reached target Network.
         Starting Initial cloud-init job (metadata service crawler)...
[   22.834908] cloud-init[982]: Cloud-init v. 18.2 running 'init' at Mon, 28 May 2018 02:39:03 +0000. Up 20.51 seconds.
[   22.908562] [cloud-init[0;32m  OK  [0m[982]: ] ci-info: ++++++++++++++++++++++++++++++++++++++Net device info++++++++++++++++++++++++++++++++++++++Started Initial cloud-init job (metadata service crawler).

[   22.908988] cloud-init[982]: ci-info: +--------+-------+----------------------------+---------------+-------+-------------------+
[   22.973429] [[0;32m  OK  [0m] Reached target Cloud-config availability.
[[0;32m  OK  [0m] Reached target System Initialization.
[[0;32m  OK  [0m] Started Daily Cleanup of Temporary Directories.
[[0;32m  OK  [0m] Listening on UUID daemon activation socket.
cloud-init[982]: ci-info: | Device |   Up  |          Address           |      Mask     | Scope |     Hw-Address    |
[   22.984439] cloud-init[982]: ci-info: +--------+-------+----------------------------+---------------+-------+-------------------+
[   22.990219] cloud-init[982]: ci-info: | enp0s3 |  True |         10.0.2.15          | 255.255.255.0 |   .   | 02:f0:aa:2d:49:f4 |
[   23.121083] [cloud-init[0;32m  OK  [0m[982]: ] ci-info: | enp0s3 |  True | fe80::f0:aaff:fe2d:49f4/64 |       .       |  link | 02:f0:aa:2d:49:f4 |Started ACPI Events Check.

[   23.122289] cloud-init[982]: ci-info: | enp0s8 | False |             .              |       .       |   .   | 08:00:27:8a:08:55 |
[[0;32m  OK  [0m] Reached target Paths.
[[0;32m  OK  [0m] Listening on ACPID Listen Socket.
         Starting Socket activation for snappy daemon.
[   23.161988] cloud-init[982]: ci-info: | enp0s9 | False |             .              |       .       |   .   | 08:00:27:ae:51:79 |
[   23.274057] [cloud-init[0;32m  OK  [0m[982]: ] ci-info: |   lo   |  True |         127.0.0.1          |   255.0.0.0   |   .   |         .         |Started Daily apt download activities.

[   23.274743] cloud-init[[0;32m  OK  [0m] Started Daily apt upgrade and clean activities.
[[0;32m  OK  [0m] Reached target Timers.
[[0;32m  OK  [0m] Listening on D-Bus System Message Bus Socket.
[982]: ci-info: |   lo   |  True |          ::1/128           |       .       |  host |         .         |
[   23.302651] cloud-init[982]: ci-info: +--------+-------+----------------------------+---------------+-------+-------------------+
[   23.312339]          cloud-initStarting LXD - unix socket.[982]: 
ci-info: +++++++++++++++++++++++++++Route IPv4 info++++++++++++++++++++++++++++
[   23.381284] [[0;32m  OK  [0m] Reached target Network is Online.
cloud-init[982]: ci-info: +-------+-------------+----------+---------------+-----------+-------+
[   23.387939] cloud-init[982]: ci-info: | Route | Destination | Gateway  |    Genmask    | Interface | Flags |
[   23.397706]          Starting iSCSI initiator daemon (iscsid)...
cloud-init[982]: [[0;32m  OK  [0m] Listening on Socket activation for snappy daemon.
[[0;32m  OK  [0m] Listening on LXD - unix socket.
ci-info: +-------+-------------+----------+---------------+-----------+-------+
[   23.404581] [[0;32m  OK  [0m] Reached target Sockets.
[[0;32m  OK  [0m] Reached target Basic System.
cloud-init[982]: ci-info: |   0   |   0.0.0.0   | 10.0.2.2 |    0.0.0.0    |   enp0s3  |   UG  |[[0;32m  OK  [0m] Started Deferred execution scheduler.

[   23.413774]          Starting Pollinate to seed the pseudo random number generator...
cloud-init[982]: ci-info: |   1   |   10.0.2.0  | 0.0.0.0  | 255.255.255.0 |   enp0s3  |   U   |
[   23.417161] cloud-init[982]: ci-info: +-------+-------------+----------+---------------+-----------+-------+
[   23.427228] cloud-init[982]: Generating public/private rsa key pair.
[   23.428936] cloud-init[982]: Your identification has been saved in /etc/ssh/ssh_host_rsa_key.
[   23.451525] cloud-init[982]: Your public key has been saved in /etc/ssh/ssh_host_rsa_key.pub.
[   23.500815] [[0;32m  OK  [0m] Started ACPI event daemon.
cloud-init[982]: The key fingerprint is:
[   23.520620]          Starting LXD - container startup/shutdown...
         Starting LSB: MD monitoring daemon...
cloud-init[982]: SHA256:EJoiPMkq2xoiQ449Q3K2vqIpz5P3VE1kXaDv4QKDeVM root@ubuntu-xenial
[   23.525151] cloud-init[982]: The key's randomart image is:
[   23.526423] cloud-init[982]: +---[RSA 2048]----+
[   23.527813] cloud-init[982]: |      .   o..o.  |
         Starting Apply the settings specified in cloud-config...
[   23.529482]          Starting System Logging Service...
         Starting Login Service...
[[0;32m  OK  [0m] Started FUSE filesystem for LXC.
[[0;32m  OK  [0m] Started Unattended Upgrades Shutdown.
cloud-init[982]: |o .  o . o ..    |
[   23.600467] cloud-init[982]: |.=. o .   E      |
[   23.600724] cloud-init[982]: |....   + + .     |
[   23.601775] cloud-init[982]: |+.+   o S . o    |
[   23.601926] cloud-init[982]: |=O .   o + o .   |
[   23.602310] cloud-init[982]: |B.*.  .   . o    |
[   23.602501] cloud-init[982]: |=Boo..     .     |
[   23.602684] cloud-init[982]: |*o=+ ..          |
         Starting Accounts Service...
[   23.603123] cloud-init[982]: +----[SHA256]-----+
[   23.694777] cloud-init[982]: Generating public/private dsa key pair.
[   23.696211] cloud-init[982]: Your identification has been saved in /etc/ssh/ssh_host_dsa_key.
[   23.697985] cloud-init[982]: Your public key has been saved in /etc/ssh/ssh_host_dsa_key.pub.
[   23.699641] cloud-init[982]: The key fingerprint is:
[[0;32m  OK  [0m] Started D-Bus System Message Bus.
[   23.711425] cloud-init[982]: SHA256:2W3gK+punQwGSsIOr/c2iPxU1WCjtT22DhAo9ozzWSc root@ubuntu-xenial
[   23.825138] cloud-init[982]: The key's randomart image is:
[   23.860396] cloud-init[982]: +---[DSA 1024]----+
[   23.876820] cloud-init[982]: |    .. =         |
[   23.913021] cloud-init[982]: | o .  = *        |
[   23.980277] cloud-init[982]: |o =  o o =.      |
[   24.024231] cloud-init[982]: |o+.o.Eo..+oo     |
[   24.060492] cloud-init[982]: |o+o.ooo.S.o o    |
[   24.100507] cloud-init[982]: | .oo. o o  o     |
[   24.128844] cloud-init[982]: |.o o . +.o.      |
[   24.188484] cloud-init[982]: |o.+ o ..+.       |
[   24.204733] cloud-init[982]: | ..+.=+          |
[   24.205769] cloud-init[982]: +----[SHA256]-----+
[   24.208062] cloud-init[982]: Generating public/private ecdsa key pair.
[   24.211287] cloud-init[982]: Your identification has been saved in /etc/ssh/ssh_host_ecdsa_key.
[   24.253077] cloud-init[982]: Your public key has been saved in /etc/ssh/ssh_host_ecdsa_key.pub.
[   24.257736] cloud-init[982]: The key fingerprint is:
[   24.258789] cloud-init[982]: SHA256:+F4wM96EAvtIXFTuN4trHjTGmtunEfoLs4A5p3h4qt4 root@ubuntu-xenial
[   24.273213] cloud-init[982]: The key's randomart image is:
[   24.324428] cloud-init[982]: +---[ECDSA 256]---+
[   24.325803] cloud-init[982]: |      ...        |
[   24.326976] cloud-init[982]: |     . .         |
[   24.328334] cloud-init[982]: |    . . .        |
[   24.329652] cloud-init[982]: |   . + + .       |
[   24.330854] cloud-init[982]: |    + o S +      |
[   24.332064] cloud-init[982]: |   + o X % o     |
[   24.340941] cloud-init[982]: | .+ + B * +      |
[   24.401751] cloud-init[982]: |..++ . O.=.      |
[   24.417022] cloud-init[982]: |*=.E  ooO+       |
[   24.427176] cloud-init[982]: +----[SHA256]-----+
[   24.484458] cloud-init[982]: Generating public/private ed25519 key pair.
[   24.545108] cloud-init[982]: Your identification has been saved in /etc/ssh/ssh_host_ed25519_key.
[   24.574693] cloud-init[982]: Your public key has been saved in /etc/ssh/ssh_host_ed25519_key.pub.
[   24.576500] cloud-init[982]: The key fingerprint is:
[   24.577816] cloud-init[982]: SHA256:ZPx2PtTIMB2XV3Ol7cYo/ogMUZXnyW+XfvU6qL3WyBY root@ubuntu-xenial
[   24.588926]          Starting /etc/rc.local Compatibility...
cloud-init         Starting Virtualbox guest utils...
[982]: The key's randomart image is:
[   24.591302] cloud-init[982]: +--[ED25519 256]--+
[   24.611657] cloud-init[982]: |            o..o*|
[   24.653581]          cloud-initStarting Snappy daemon...[982]: 
|       .   o.ooo+|
[   24.704608] cloud-init[982]: |        + + .+.o.|
[   24.723250] [[0;32m  OK  [0m] Started Regular background program processing daemon.
         Starting LSB: Record successful boot for GRUB...
[[0;32m  OK  [0m] Started System Logging Service.
cloud-init[982]: |       o o + o++ |
[   24.779759] cloud-init[982]: |        S o * o.=|
[   24.780151] cloud-init[982]: |         o =E. o=|
[   24.780610] cloud-init[982]: |        .  .+=..+|
[   24.780792] cloud-init[982]: |         o o*+o.o|
[   24.781580] cloud-init[982]: |          +++.oo.|
[   24.781703] cloud-init[982]: +----[SHA256]-----+
[   24.783882] cloud-init[1090]: Generating locales (this might take a while)...
[[0;32m  OK  [0m] Started /etc/rc.local Compatibility.
[[0;32m  OK  [0m] Started Login Service.
[[0;32m  OK  [0m] Started iSCSI initiator daemon (iscsid).
         Starting Login to default iSCSI targets...
[[0;32m  OK  [0m] Started LSB: MD monitoring daemon.
[[0;32m  OK  [0m] Started LSB: Record successful boot for GRUB.
         Starting Authenticate and Authorize Users to Run Privileged Tasks...
[[0;32m  OK  [0m] Started Virtualbox guest utils.
[[0;32m  OK  [0m] Started Login to default iSCSI targets.
[[0;32m  OK  [0m] Reached target Remote File Systems (Pre).
[[0;32m  OK  [0m] Reached target Remote File Systems.
         Starting LSB: Set the CPU Frequency Scaling governor to "ondemand"...
         Starting Permit User Sessions...
         Starting LSB: daemon to balance interrupts for SMP systems...
         Starting LSB: automatic crash report generation...
[[0;32m  OK  [0m] Started Authenticate and Authorize Users to Run Privileged Tasks.
[[0;32m  OK  [0m] Started Accounts Service.
[[0;32m  OK  [0m] Started Permit User Sessions.
[[0;32m  OK  [0m] Started LSB: Set the CPU Frequency Scaling governor to "ondemand".
         Starting Terminate Plymouth Boot Screen...
         Starting Hold until boot process finishes up...
[[0;32m  OK  [0m] Started Terminate Plymouth Boot Screen.
[[0;32m  OK  [0m] Started Hold until boot process finishes up.
[[0;32m  OK  [0m] Started Getty on tty1.
         Starting Set console scheme...
[[0;32m  OK  [0m] Started Serial Getty on ttyS0.
[[0;32m  OK  [0m] Reached target Login Prompts.
[[0;32m  OK  [0m] Started LSB: daemon to balance interrupts for SMP systems.
[[0;32m  OK  [0m] Started LSB: automatic crash report generation.
[[0;32m  OK  [0m] Started Set console scheme.
[   26.884869] cloud-init[1090]:   en_US.UTF-8... done
[   26.925123] cloud-init[1090]: Generation complete.
[[0;32m  OK  [0m] Started Pollinate to seed the pseudo random number generator.
         Starting OpenBSD Secure Shell server...
[[0;32m  OK  [0m] Started LXD - container startup/shutdown.
[[0;32m  OK  [0m] Started OpenBSD Secure Shell server.
[[0;32m  OK  [0m] Created slice User Slice of vagrant.
[[0;32m  OK  [0m] Started Snappy daemon.
         Starting User Manager for UID 1000...
[[0;32m  OK  [0m] Reached target Multi-User System.
[[0;32m  OK  [0m] Reached target Graphical Interface.
         Starting Update UTMP about System Runlevel Changes...
[[0;32m  OK  [0m] Started Update UTMP about System Runlevel Changes.
[[0;32m  OK  [0m] Started Session 1 of user vagrant.
[[0;32m  OK  [0m] Started User Manager for UID 1000.
[   30.381149] cloud-init[1090]: Cloud-init v. 18.2 running 'modules:config' at Mon, 28 May 2018 02:39:07 +0000. Up 23.78 seconds.
[[0;32m  OK  [0m] Started Apply the settings specified in cloud-config.
         Starting Execute cloud user/final scripts...
ci-info: no authorized ssh keys fingerprints found for user ubuntu.
<14>May 28 02:39:14 ec2: 
<14>May 28 02:39:14 ec2: #############################################################
<14>May 28 02:39:14 ec2: -----BEGIN SSH HOST KEY FINGERPRINTS-----
<14>May 28 02:39:14 ec2: 1024 SHA256:2W3gK+punQwGSsIOr/c2iPxU1WCjtT22DhAo9ozzWSc root@ubuntu-xenial (DSA)
<14>May 28 02:39:14 ec2: 256 SHA256:+F4wM96EAvtIXFTuN4trHjTGmtunEfoLs4A5p3h4qt4 root@ubuntu-xenial (ECDSA)
<14>May 28 02:39:14 ec2: 256 SHA256:ZPx2PtTIMB2XV3Ol7cYo/ogMUZXnyW+XfvU6qL3WyBY root@ubuntu-xenial (ED25519)
<14>May 28 02:39:14 ec2: 2048 SHA256:EJoiPMkq2xoiQ449Q3K2vqIpz5P3VE1kXaDv4QKDeVM root@ubuntu-xenial (RSA)
<14>May 28 02:39:14 ec2: -----END SSH HOST KEY FINGERPRINTS-----
<14>May 28 02:39:14 ec2: #############################################################
-----BEGIN SSH HOST KEY KEYS-----
ecdsa-sha2-nistp256 AAAAE2VjZHNhLXNoYTItbmlzdHAyNTYAAAAIbmlzdHAyNTYAAABBBMkvpiJ4c18GVZjvDw6tOhQltMBXn8pwmtuqnsxJHcJXnKh3HCBgaWzYKDJSYCuqow6FyXoe8J3M6yQ2dD8Dx1Y= root@ubuntu-xenial
ssh-ed25519 AAAAC3NzaC1lZDI1NTE5AAAAICBscBgijxpUjm1d9zaFHHJIfM5iuC9FDYlvXk1zpyJu root@ubuntu-x[359340.798141] e1000 0000:00:03.0 enp0s3: Detected Tx Unit Hang
[359340.798141]   Tx Queue             <0>
[359340.798141]   TDH                  <ac>
[359340.798141]   TDT                  <ae>
[359340.798141]   next_to_use          <ae>
[359340.798141]   next_to_clean        <ac>
[359340.798141] buffer_info[next_to_clean]
[359340.798141]   time_stamp           <10559a78e>
[359340.798141]   next_to_watch        <ad>
[359340.798141]   jiffies              <10559aa6c>
[359340.798141]   next_to_watch.status <0>
[359342.801080] e1000 0000:00:03.0 enp0s3: Detected Tx Unit Hang
[359342.801080]   Tx Queue             <0>
[359342.801080]   TDH                  <ac>
[359342.801080]   TDT                  <ae>
[359342.801080]   next_to_use          <ae>
[359342.801080]   next_to_clean        <ac>
[359342.801080] buffer_info[next_to_clean]
[359342.801080]   time_stamp           <10559a78e>
[[912891.824718] e1000 0000:00:03.0 enp0s3: Detected Tx Unit Hang
[912891.824718]   Tx Queue             <0>
[912891.824718]   TDH                  <24>
[912891.824718]   TDT                  <26>
[912891.824718]   next_to_use          <26>
[912891.824718]   next_to_clean        <24>
[912891.824718] buffer_info[next_to_clean]
[912891.824718]   time_stamp           <10d995a96>
[912891.824718]   next_to_watch        <25>
[912891.824718]   jiffies              <10d995c32>
[912891.824718]   next_to_watch.status <0>
[912893.833015] e1000 0000:00:03.0 enp0s3: Detected Tx Unit Hang
[912893.833015]   Tx Queue             <0>
[912893.833015]   TDH                  <24>
[912893.833015]   TDT                  <26>
[912893.833015]   next_to_use          <26>
[912893.833015]   next_to_clean        <24>
[912893.833015] buffer_info[next_to_clean]
[912893.833015]   time_stamp           <10d995a96>
[912893.833015]   next_to_watch        <25>
[912893.833015]   jiffies              <10d995e28>
[912893.833015]   next_to_watch.status <0>
[912895.838327] e1000 0000:00:03.0 enp0s3: Detected Tx Unit Hang
[912895.838327]   Tx Queue             <0>
[912895.838327]   TDH                  <24>
[912895.838327]   TDT                  <26>
[912895.838327]   next_to_use          <26>
[912895.838327]   next_to_clean        <24>
[912895.838327] buffer_info[next_to_clean]
[912895.838327]   time_stamp           <10d995a96>
[912895.838327]   next_to_watch        <25>
[912895.838327]   jiffies              <10d99601e>
[912895.838327]   next_to_watch.status <0>
[912897.839667] e1000 0000:00:03.0 enp0s3: Detected Tx Unit Hang
[912897.839667]   Tx Queue             <0>
[912897.839667]   TDH                  <24>
[912897.839667]   TDT                  <26>
[912897.839667]   next_to_use          <26>
[912897.839667]   next_to_clean        <24>
[912897.839667] buffer_info[next_to_clean]
[912897.839667]   time_stamp           <10d995a96>
[912897.839667]   next_to_watch        <25>
[912897.839667]   jiffies              <10d996212>
[912897.839667]   next_to_watch.status <0>
[912898.982593] e1000 0000:00:03.0 enp0s3: Reset adapter
